2023-12-31 15:35:41.717 [background-preinit] INFO  o.h.validator.internal.util.Version - HV000001: Hibernate Validator 8.0.1.Final
2023-12-31 15:35:42.543 [main] INFO  c.h.h.HighteequeenBackendApplication - Starting HighteequeenBackendApplication using Java 19.0.2 with PID 32484 (E:\Nam 4\Web\highteequeen\Backend\target\classes started by win in E:\Nam 4\Web\highteequeen\Backend)
2023-12-31 15:35:42.559 [main] INFO  c.h.h.HighteequeenBackendApplication - No active profile set, falling back to 1 default profile: "default"
2023-12-31 15:35:48.419 [main] INFO  o.s.d.r.c.RepositoryConfigurationDelegate - Bootstrapping Spring Data JPA repositories in DEFAULT mode.
2023-12-31 15:35:48.660 [main] INFO  o.s.d.r.c.RepositoryConfigurationDelegate - Finished Spring Data repository scanning in 219 ms. Found 11 JPA repository interfaces.
2023-12-31 15:35:51.380 [main] INFO  o.s.b.w.e.tomcat.TomcatWebServer - Tomcat initialized with port(s): 8080 (http)
2023-12-31 15:35:51.443 [main] INFO  o.a.coyote.http11.Http11NioProtocol - Initializing ProtocolHandler ["http-nio-8080"]
2023-12-31 15:35:51.454 [main] INFO  o.a.catalina.core.StandardService - Starting service [Tomcat]
2023-12-31 15:35:51.454 [main] INFO  o.a.catalina.core.StandardEngine - Starting Servlet engine: [Apache Tomcat/10.1.11]
2023-12-31 15:35:51.881 [main] INFO  o.a.c.c.C.[Tomcat].[localhost].[/] - Initializing Spring embedded WebApplicationContext
2023-12-31 15:35:51.885 [main] INFO  o.s.b.w.s.c.ServletWebServerApplicationContext - Root WebApplicationContext: initialization completed in 8990 ms
2023-12-31 15:35:52.349 [main] INFO  o.h.jpa.internal.util.LogHelper - HHH000204: Processing PersistenceUnitInfo [name: default]
2023-12-31 15:35:52.575 [main] INFO  org.hibernate.Version - HHH000412: Hibernate ORM core version 6.2.6.Final
2023-12-31 15:35:52.580 [main] INFO  org.hibernate.cfg.Environment - HHH000406: Using bytecode reflection optimizer
2023-12-31 15:35:52.986 [main] INFO  o.h.b.i.BytecodeProviderInitiator - HHH000021: Bytecode provider name : bytebuddy
2023-12-31 15:35:53.413 [main] INFO  o.s.o.j.p.SpringPersistenceUnitInfo - No LoadTimeWeaver setup: ignoring JPA class transformer
2023-12-31 15:35:53.445 [main] INFO  com.zaxxer.hikari.HikariDataSource - HikariPool-1 - Starting...
2023-12-31 15:35:54.050 [main] INFO  com.zaxxer.hikari.pool.HikariPool - HikariPool-1 - Added connection com.mysql.cj.jdbc.ConnectionImpl@56cd5d76
2023-12-31 15:35:54.056 [main] INFO  com.zaxxer.hikari.HikariDataSource - HikariPool-1 - Start completed.
2023-12-31 15:35:54.475 [main] WARN  org.hibernate.orm.deprecation - HHH90000026: MySQL8Dialect has been deprecated; use org.hibernate.dialect.MySQLDialect instead
2023-12-31 15:35:58.060 [main] INFO  o.h.b.i.BytecodeProviderInitiator - HHH000021: Bytecode provider name : bytebuddy
2023-12-31 15:36:02.966 [main] INFO  o.h.e.t.j.p.i.JtaPlatformInitiator - HHH000490: Using JtaPlatform implementation: [org.hibernate.engine.transaction.jta.platform.internal.NoJtaPlatform]
2023-12-31 15:36:04.304 [main] INFO  o.s.o.j.LocalContainerEntityManagerFactoryBean - Initialized JPA EntityManagerFactory for persistence unit 'default'
2023-12-31 15:36:06.022 [main] WARN  o.s.b.a.o.j.JpaBaseConfiguration$JpaWebConfiguration - spring.jpa.open-in-view is enabled by default. Therefore, database queries may be performed during view rendering. Explicitly configure spring.jpa.open-in-view to disable this warning
2023-12-31 15:36:06.557 [main] INFO  o.s.d.j.r.query.QueryEnhancerFactory - Hibernate is in classpath; If applicable, HQL parser will be used.
2023-12-31 15:36:10.114 [main] INFO  o.s.s.web.DefaultSecurityFilterChain - Will secure any request with [org.springframework.security.web.session.DisableEncodeUrlFilter@7d97eeb4, org.springframework.security.web.context.request.async.WebAsyncManagerIntegrationFilter@2728e166, org.springframework.security.web.context.SecurityContextHolderFilter@409f9dca, org.springframework.security.web.header.HeaderWriterFilter@594c830f, org.springframework.security.web.authentication.logout.LogoutFilter@5c15d1bc, com.highteequeen.highteequeen_backend.filters.JwtTokenFilter@659565ed, org.springframework.security.web.savedrequest.RequestCacheAwareFilter@2682fe42, org.springframework.security.web.servletapi.SecurityContextHolderAwareRequestFilter@27f73e68, org.springframework.security.web.authentication.AnonymousAuthenticationFilter@1d81dece, org.springframework.security.web.access.ExceptionTranslationFilter@31d5ce58, org.springframework.security.web.access.intercept.AuthorizationFilter@10095d95]
2023-12-31 15:36:10.130 [main] WARN  o.s.s.c.a.web.builders.WebSecurity - 

********************************************************************
**********        Security debugging is enabled.       *************
**********    This may include sensitive information.  *************
**********      Do not use in a production system!     *************
********************************************************************


2023-12-31 15:36:11.606 [main] INFO  o.a.coyote.http11.Http11NioProtocol - Starting ProtocolHandler ["http-nio-8080"]
2023-12-31 15:36:12.259 [main] INFO  o.s.b.w.e.tomcat.TomcatWebServer - Tomcat started on port(s): 8080 (http) with context path ''
2023-12-31 15:36:12.276 [main] INFO  c.h.h.HighteequeenBackendApplication - Started HighteequeenBackendApplication in 33.031 seconds (process running for 38.192)
2023-12-31 15:37:05.663 [http-nio-8080-exec-3] INFO  o.a.c.c.C.[Tomcat].[localhost].[/] - Initializing Spring DispatcherServlet 'dispatcherServlet'
2023-12-31 15:37:05.664 [http-nio-8080-exec-3] INFO  o.s.web.servlet.DispatcherServlet - Initializing Servlet 'dispatcherServlet'
2023-12-31 15:37:05.664 [http-nio-8080-exec-3] INFO  o.s.web.servlet.DispatcherServlet - Completed initialization in 0 ms
2023-12-31 15:37:05.664 [http-nio-8080-exec-3] INFO  Spring Security Debugger - 

************************************************************

Request received for POST '/api/v1/products':

org.apache.catalina.connector.RequestFacade@511a1d7a

servletPath:/api/v1/products
pathInfo:null
headers: 
host: localhost:8080
connection: keep-alive
content-length: 198908
sec-ch-ua: "Not_A Brand";v="8", "Chromium";v="120", "Microsoft Edge";v="120"
accept: */*
content-type: multipart/form-data; boundary=----WebKitFormBoundaryBCMhRRPjyZJJImjz
sec-ch-ua-mobile: ?0
authorization: Bearer eyJhbGciOiJIUzI1NiJ9.eyJ1c2VySWQiOjIsImVtYWlsIjoicHR0MTAyMDAyQGdtYWlsLmNvbSIsInN1YiI6InB0dDEwMjAwMkBnbWFpbC5jb20iLCJleHAiOjE3MDY1OTg1MzV9.EvVc7p5vOgBDhk1DuUNiYPZ7LjAqOMeJUmZZfwK1Gtw
user-agent: Mozilla/5.0 (Windows NT 10.0; Win64; x64) AppleWebKit/537.36 (KHTML, like Gecko) Chrome/120.0.0.0 Safari/537.36 Edg/120.0.0.0
sec-ch-ua-platform: "Windows"
origin: http://localhost:8080
sec-fetch-site: same-origin
sec-fetch-mode: cors
sec-fetch-dest: empty
referer: http://localhost:8080/swagger-ui/index.html
accept-encoding: gzip, deflate, br
accept-language: vi,en;q=0.9,en-GB;q=0.8,en-US;q=0.7
cookie: G_ENABLED_IDPS=google; _ga=GA1.1.1938431758.1687269713; _ga_8WG1E0VK2L=GS1.1.1689064455.77.0.1689064455.0.0.0; JSESSIONID=95CC573FF09FB98464C57BC85D35DAAE


Security filter chain: [
  DisableEncodeUrlFilter
  WebAsyncManagerIntegrationFilter
  SecurityContextHolderFilter
  HeaderWriterFilter
  LogoutFilter
  JwtTokenFilter
  RequestCacheAwareFilter
  SecurityContextHolderAwareRequestFilter
  AnonymousAuthenticationFilter
  ExceptionTranslationFilter
  AuthorizationFilter
]


************************************************************


2023-12-31 15:37:13.529 [http-nio-8080-exec-1] INFO  Spring Security Debugger - 

************************************************************

Request received for GET '/swagger-ui/index.html':

org.apache.catalina.connector.RequestFacade@25deb500

servletPath:/swagger-ui/index.html
pathInfo:null
headers: 
host: localhost:8080
connection: keep-alive
cache-control: max-age=0
sec-ch-ua: "Not_A Brand";v="8", "Chromium";v="120", "Microsoft Edge";v="120"
sec-ch-ua-mobile: ?0
sec-ch-ua-platform: "Windows"
upgrade-insecure-requests: 1
user-agent: Mozilla/5.0 (Windows NT 10.0; Win64; x64) AppleWebKit/537.36 (KHTML, like Gecko) Chrome/120.0.0.0 Safari/537.36 Edg/120.0.0.0
accept: text/html,application/xhtml+xml,application/xml;q=0.9,image/webp,image/apng,*/*;q=0.8,application/signed-exchange;v=b3;q=0.7
sec-fetch-site: same-origin
sec-fetch-mode: navigate
sec-fetch-user: ?1
sec-fetch-dest: document
accept-encoding: gzip, deflate, br
accept-language: vi,en;q=0.9,en-GB;q=0.8,en-US;q=0.7
cookie: G_ENABLED_IDPS=google; _ga=GA1.1.1938431758.1687269713; _ga_8WG1E0VK2L=GS1.1.1689064455.77.0.1689064455.0.0.0; JSESSIONID=95CC573FF09FB98464C57BC85D35DAAE


Security filter chain: [
  DisableEncodeUrlFilter
  WebAsyncManagerIntegrationFilter
  SecurityContextHolderFilter
  HeaderWriterFilter
  LogoutFilter
  JwtTokenFilter
  RequestCacheAwareFilter
  SecurityContextHolderAwareRequestFilter
  AnonymousAuthenticationFilter
  ExceptionTranslationFilter
  AuthorizationFilter
]


************************************************************


2023-12-31 15:37:13.845 [http-nio-8080-exec-2] INFO  Spring Security Debugger - 

************************************************************

Request received for GET '/swagger-ui/swagger-ui.css':

org.apache.catalina.connector.RequestFacade@6e4fe922

servletPath:/swagger-ui/swagger-ui.css
pathInfo:null
headers: 
host: localhost:8080
connection: keep-alive
sec-ch-ua: "Not_A Brand";v="8", "Chromium";v="120", "Microsoft Edge";v="120"
sec-ch-ua-mobile: ?0
user-agent: Mozilla/5.0 (Windows NT 10.0; Win64; x64) AppleWebKit/537.36 (KHTML, like Gecko) Chrome/120.0.0.0 Safari/537.36 Edg/120.0.0.0
sec-ch-ua-platform: "Windows"
accept: text/css,*/*;q=0.1
sec-fetch-site: same-origin
sec-fetch-mode: no-cors
sec-fetch-dest: style
referer: http://localhost:8080/swagger-ui/index.html
accept-encoding: gzip, deflate, br
accept-language: vi,en;q=0.9,en-GB;q=0.8,en-US;q=0.7
cookie: G_ENABLED_IDPS=google; _ga=GA1.1.1938431758.1687269713; _ga_8WG1E0VK2L=GS1.1.1689064455.77.0.1689064455.0.0.0; JSESSIONID=95CC573FF09FB98464C57BC85D35DAAE


Security filter chain: [
  DisableEncodeUrlFilter
  WebAsyncManagerIntegrationFilter
  SecurityContextHolderFilter
  HeaderWriterFilter
  LogoutFilter
  JwtTokenFilter
  RequestCacheAwareFilter
  SecurityContextHolderAwareRequestFilter
  AnonymousAuthenticationFilter
  ExceptionTranslationFilter
  AuthorizationFilter
]


************************************************************


2023-12-31 15:37:13.860 [http-nio-8080-exec-4] INFO  Spring Security Debugger - 

************************************************************

Request received for GET '/swagger-ui/index.css':

org.apache.catalina.connector.RequestFacade@7bdf05f2

servletPath:/swagger-ui/index.css
pathInfo:null
headers: 
host: localhost:8080
connection: keep-alive
sec-ch-ua: "Not_A Brand";v="8", "Chromium";v="120", "Microsoft Edge";v="120"
sec-ch-ua-mobile: ?0
user-agent: Mozilla/5.0 (Windows NT 10.0; Win64; x64) AppleWebKit/537.36 (KHTML, like Gecko) Chrome/120.0.0.0 Safari/537.36 Edg/120.0.0.0
sec-ch-ua-platform: "Windows"
accept: text/css,*/*;q=0.1
sec-fetch-site: same-origin
sec-fetch-mode: no-cors
sec-fetch-dest: style
referer: http://localhost:8080/swagger-ui/index.html
accept-encoding: gzip, deflate, br
accept-language: vi,en;q=0.9,en-GB;q=0.8,en-US;q=0.7
cookie: G_ENABLED_IDPS=google; _ga=GA1.1.1938431758.1687269713; _ga_8WG1E0VK2L=GS1.1.1689064455.77.0.1689064455.0.0.0; JSESSIONID=95CC573FF09FB98464C57BC85D35DAAE


Security filter chain: [
  DisableEncodeUrlFilter
  WebAsyncManagerIntegrationFilter
  SecurityContextHolderFilter
  HeaderWriterFilter
  LogoutFilter
  JwtTokenFilter
  RequestCacheAwareFilter
  SecurityContextHolderAwareRequestFilter
  AnonymousAuthenticationFilter
  ExceptionTranslationFilter
  AuthorizationFilter
]


************************************************************


2023-12-31 15:37:13.891 [http-nio-8080-exec-6] INFO  Spring Security Debugger - 

************************************************************

Request received for GET '/swagger-ui/swagger-ui-standalone-preset.js':

org.apache.catalina.connector.RequestFacade@5ce1d940

servletPath:/swagger-ui/swagger-ui-standalone-preset.js
pathInfo:null
headers: 
host: localhost:8080
connection: keep-alive
sec-ch-ua: "Not_A Brand";v="8", "Chromium";v="120", "Microsoft Edge";v="120"
sec-ch-ua-mobile: ?0
user-agent: Mozilla/5.0 (Windows NT 10.0; Win64; x64) AppleWebKit/537.36 (KHTML, like Gecko) Chrome/120.0.0.0 Safari/537.36 Edg/120.0.0.0
sec-ch-ua-platform: "Windows"
accept: */*
sec-fetch-site: same-origin
sec-fetch-mode: no-cors
sec-fetch-dest: script
referer: http://localhost:8080/swagger-ui/index.html
accept-encoding: gzip, deflate, br
accept-language: vi,en;q=0.9,en-GB;q=0.8,en-US;q=0.7
cookie: G_ENABLED_IDPS=google; _ga=GA1.1.1938431758.1687269713; _ga_8WG1E0VK2L=GS1.1.1689064455.77.0.1689064455.0.0.0; JSESSIONID=95CC573FF09FB98464C57BC85D35DAAE


Security filter chain: [
  DisableEncodeUrlFilter
  WebAsyncManagerIntegrationFilter
  SecurityContextHolderFilter
  HeaderWriterFilter
  LogoutFilter
  JwtTokenFilter
  RequestCacheAwareFilter
  SecurityContextHolderAwareRequestFilter
  AnonymousAuthenticationFilter
  ExceptionTranslationFilter
  AuthorizationFilter
]


************************************************************


2023-12-31 15:37:13.891 [http-nio-8080-exec-5] INFO  Spring Security Debugger - 

************************************************************

Request received for GET '/swagger-ui/swagger-ui-bundle.js':

org.apache.catalina.connector.RequestFacade@6cb2e56a

servletPath:/swagger-ui/swagger-ui-bundle.js
pathInfo:null
headers: 
host: localhost:8080
connection: keep-alive
sec-ch-ua: "Not_A Brand";v="8", "Chromium";v="120", "Microsoft Edge";v="120"
sec-ch-ua-mobile: ?0
user-agent: Mozilla/5.0 (Windows NT 10.0; Win64; x64) AppleWebKit/537.36 (KHTML, like Gecko) Chrome/120.0.0.0 Safari/537.36 Edg/120.0.0.0
sec-ch-ua-platform: "Windows"
accept: */*
sec-fetch-site: same-origin
sec-fetch-mode: no-cors
sec-fetch-dest: script
referer: http://localhost:8080/swagger-ui/index.html
accept-encoding: gzip, deflate, br
accept-language: vi,en;q=0.9,en-GB;q=0.8,en-US;q=0.7
cookie: G_ENABLED_IDPS=google; _ga=GA1.1.1938431758.1687269713; _ga_8WG1E0VK2L=GS1.1.1689064455.77.0.1689064455.0.0.0; JSESSIONID=95CC573FF09FB98464C57BC85D35DAAE


Security filter chain: [
  DisableEncodeUrlFilter
  WebAsyncManagerIntegrationFilter
  SecurityContextHolderFilter
  HeaderWriterFilter
  LogoutFilter
  JwtTokenFilter
  RequestCacheAwareFilter
  SecurityContextHolderAwareRequestFilter
  AnonymousAuthenticationFilter
  ExceptionTranslationFilter
  AuthorizationFilter
]


************************************************************


2023-12-31 15:37:13.891 [http-nio-8080-exec-7] INFO  Spring Security Debugger - 

************************************************************

Request received for GET '/swagger-ui/swagger-initializer.js':

org.apache.catalina.connector.RequestFacade@7949abe8

servletPath:/swagger-ui/swagger-initializer.js
pathInfo:null
headers: 
host: localhost:8080
connection: keep-alive
sec-ch-ua: "Not_A Brand";v="8", "Chromium";v="120", "Microsoft Edge";v="120"
sec-ch-ua-mobile: ?0
user-agent: Mozilla/5.0 (Windows NT 10.0; Win64; x64) AppleWebKit/537.36 (KHTML, like Gecko) Chrome/120.0.0.0 Safari/537.36 Edg/120.0.0.0
sec-ch-ua-platform: "Windows"
accept: */*
sec-fetch-site: same-origin
sec-fetch-mode: no-cors
sec-fetch-dest: script
referer: http://localhost:8080/swagger-ui/index.html
accept-encoding: gzip, deflate, br
accept-language: vi,en;q=0.9,en-GB;q=0.8,en-US;q=0.7
cookie: G_ENABLED_IDPS=google; _ga=GA1.1.1938431758.1687269713; _ga_8WG1E0VK2L=GS1.1.1689064455.77.0.1689064455.0.0.0; JSESSIONID=95CC573FF09FB98464C57BC85D35DAAE


Security filter chain: [
  DisableEncodeUrlFilter
  WebAsyncManagerIntegrationFilter
  SecurityContextHolderFilter
  HeaderWriterFilter
  LogoutFilter
  JwtTokenFilter
  RequestCacheAwareFilter
  SecurityContextHolderAwareRequestFilter
  AnonymousAuthenticationFilter
  ExceptionTranslationFilter
  AuthorizationFilter
]


************************************************************


2023-12-31 15:37:17.365 [http-nio-8080-exec-1] INFO  Spring Security Debugger - 

************************************************************

Request received for GET '/api-docs/swagger-config':

org.apache.catalina.connector.RequestFacade@55f34668

servletPath:/api-docs/swagger-config
pathInfo:null
headers: 
host: localhost:8080
connection: keep-alive
sec-ch-ua: "Not_A Brand";v="8", "Chromium";v="120", "Microsoft Edge";v="120"
sec-ch-ua-mobile: ?0
user-agent: Mozilla/5.0 (Windows NT 10.0; Win64; x64) AppleWebKit/537.36 (KHTML, like Gecko) Chrome/120.0.0.0 Safari/537.36 Edg/120.0.0.0
sec-ch-ua-platform: "Windows"
accept: */*
sec-fetch-site: same-origin
sec-fetch-mode: cors
sec-fetch-dest: empty
referer: http://localhost:8080/swagger-ui/index.html
accept-encoding: gzip, deflate, br
accept-language: vi,en;q=0.9,en-GB;q=0.8,en-US;q=0.7
cookie: G_ENABLED_IDPS=google; _ga=GA1.1.1938431758.1687269713; _ga_8WG1E0VK2L=GS1.1.1689064455.77.0.1689064455.0.0.0; JSESSIONID=95CC573FF09FB98464C57BC85D35DAAE


Security filter chain: [
  DisableEncodeUrlFilter
  WebAsyncManagerIntegrationFilter
  SecurityContextHolderFilter
  HeaderWriterFilter
  LogoutFilter
  JwtTokenFilter
  RequestCacheAwareFilter
  SecurityContextHolderAwareRequestFilter
  AnonymousAuthenticationFilter
  ExceptionTranslationFilter
  AuthorizationFilter
]


************************************************************


2023-12-31 15:37:17.417 [http-nio-8080-exec-2] INFO  Spring Security Debugger - 

************************************************************

Request received for GET '/swagger-ui/favicon-32x32.png':

org.apache.catalina.connector.RequestFacade@66c58c02

servletPath:/swagger-ui/favicon-32x32.png
pathInfo:null
headers: 
host: localhost:8080
connection: keep-alive
sec-ch-ua: "Not_A Brand";v="8", "Chromium";v="120", "Microsoft Edge";v="120"
sec-ch-ua-mobile: ?0
user-agent: Mozilla/5.0 (Windows NT 10.0; Win64; x64) AppleWebKit/537.36 (KHTML, like Gecko) Chrome/120.0.0.0 Safari/537.36 Edg/120.0.0.0
sec-ch-ua-platform: "Windows"
accept: image/webp,image/apng,image/svg+xml,image/*,*/*;q=0.8
sec-fetch-site: same-origin
sec-fetch-mode: no-cors
sec-fetch-dest: image
referer: http://localhost:8080/swagger-ui/index.html
accept-encoding: gzip, deflate, br
accept-language: vi,en;q=0.9,en-GB;q=0.8,en-US;q=0.7
cookie: G_ENABLED_IDPS=google; _ga=GA1.1.1938431758.1687269713; _ga_8WG1E0VK2L=GS1.1.1689064455.77.0.1689064455.0.0.0; JSESSIONID=95CC573FF09FB98464C57BC85D35DAAE


Security filter chain: [
  DisableEncodeUrlFilter
  WebAsyncManagerIntegrationFilter
  SecurityContextHolderFilter
  HeaderWriterFilter
  LogoutFilter
  JwtTokenFilter
  RequestCacheAwareFilter
  SecurityContextHolderAwareRequestFilter
  AnonymousAuthenticationFilter
  ExceptionTranslationFilter
  AuthorizationFilter
]


************************************************************


2023-12-31 15:37:17.482 [http-nio-8080-exec-4] INFO  Spring Security Debugger - 

************************************************************

Request received for GET '/api-docs':

org.apache.catalina.connector.RequestFacade@540a118d

servletPath:/api-docs
pathInfo:null
headers: 
host: localhost:8080
connection: keep-alive
sec-ch-ua: "Not_A Brand";v="8", "Chromium";v="120", "Microsoft Edge";v="120"
accept: application/json,*/*
sec-ch-ua-mobile: ?0
user-agent: Mozilla/5.0 (Windows NT 10.0; Win64; x64) AppleWebKit/537.36 (KHTML, like Gecko) Chrome/120.0.0.0 Safari/537.36 Edg/120.0.0.0
sec-ch-ua-platform: "Windows"
sec-fetch-site: same-origin
sec-fetch-mode: cors
sec-fetch-dest: empty
referer: http://localhost:8080/swagger-ui/index.html
accept-encoding: gzip, deflate, br
accept-language: vi,en;q=0.9,en-GB;q=0.8,en-US;q=0.7
cookie: G_ENABLED_IDPS=google; _ga=GA1.1.1938431758.1687269713; _ga_8WG1E0VK2L=GS1.1.1689064455.77.0.1689064455.0.0.0; JSESSIONID=95CC573FF09FB98464C57BC85D35DAAE


Security filter chain: [
  DisableEncodeUrlFilter
  WebAsyncManagerIntegrationFilter
  SecurityContextHolderFilter
  HeaderWriterFilter
  LogoutFilter
  JwtTokenFilter
  RequestCacheAwareFilter
  SecurityContextHolderAwareRequestFilter
  AnonymousAuthenticationFilter
  ExceptionTranslationFilter
  AuthorizationFilter
]


************************************************************


2023-12-31 15:37:17.483 [http-nio-8080-exec-6] INFO  Spring Security Debugger - 

************************************************************

Request received for GET '/swagger-ui/favicon-32x32.png':

org.apache.catalina.connector.RequestFacade@7334d9d8

servletPath:/swagger-ui/favicon-32x32.png
pathInfo:null
headers: 
host: localhost:8080
connection: keep-alive
sec-ch-ua: "Not_A Brand";v="8", "Chromium";v="120", "Microsoft Edge";v="120"
sec-ch-ua-mobile: ?0
user-agent: Mozilla/5.0 (Windows NT 10.0; Win64; x64) AppleWebKit/537.36 (KHTML, like Gecko) Chrome/120.0.0.0 Safari/537.36 Edg/120.0.0.0
sec-ch-ua-platform: "Windows"
accept: image/webp,image/apng,image/svg+xml,image/*,*/*;q=0.8
sec-fetch-site: same-origin
sec-fetch-mode: no-cors
sec-fetch-dest: image
referer: http://localhost:8080/swagger-ui/index.html
accept-encoding: gzip, deflate, br
accept-language: vi,en;q=0.9,en-GB;q=0.8,en-US;q=0.7
cookie: G_ENABLED_IDPS=google; _ga=GA1.1.1938431758.1687269713; _ga_8WG1E0VK2L=GS1.1.1689064455.77.0.1689064455.0.0.0; JSESSIONID=95CC573FF09FB98464C57BC85D35DAAE


Security filter chain: [
  DisableEncodeUrlFilter
  WebAsyncManagerIntegrationFilter
  SecurityContextHolderFilter
  HeaderWriterFilter
  LogoutFilter
  JwtTokenFilter
  RequestCacheAwareFilter
  SecurityContextHolderAwareRequestFilter
  AnonymousAuthenticationFilter
  ExceptionTranslationFilter
  AuthorizationFilter
]


************************************************************


2023-12-31 15:37:19.835 [http-nio-8080-exec-4] INFO  o.s.api.AbstractOpenApiResource - Init duration for springdoc-openapi is: 2344 ms
2023-12-31 15:37:20.569 [http-nio-8080-exec-5] INFO  Spring Security Debugger - 

************************************************************

Request received for POST '/api/v1/users/login':

org.apache.catalina.connector.RequestFacade@4367f3f8

servletPath:/api/v1/users/login
pathInfo:null
headers: 
accept-language: vi
content-type: application/json
user-agent: PostmanRuntime/7.36.0
accept: */*
cache-control: no-cache
postman-token: e4314ae0-4826-49e1-be85-4bedc910445f
host: localhost:8080
accept-encoding: gzip, deflate, br
connection: keep-alive
content-length: 69
cookie: JSESSIONID=6D05FF9A6060DB3BEFE2607735F25EC6


Security filter chain: [
  DisableEncodeUrlFilter
  WebAsyncManagerIntegrationFilter
  SecurityContextHolderFilter
  HeaderWriterFilter
  LogoutFilter
  JwtTokenFilter
  RequestCacheAwareFilter
  SecurityContextHolderAwareRequestFilter
  AnonymousAuthenticationFilter
  ExceptionTranslationFilter
  AuthorizationFilter
]


************************************************************


2023-12-31 15:38:43.273 [http-nio-8080-exec-3] INFO  Spring Security Debugger - 

************************************************************

Request received for POST '/api/v1/products':

org.apache.catalina.connector.RequestFacade@34568a53

servletPath:/api/v1/products
pathInfo:null
headers: 
host: localhost:8080
connection: keep-alive
content-length: 198909
sec-ch-ua: "Not_A Brand";v="8", "Chromium";v="120", "Microsoft Edge";v="120"
accept: */*
content-type: multipart/form-data; boundary=----WebKitFormBoundaryPQ2rGReQnqm9ut9U
sec-ch-ua-mobile: ?0
authorization: Bearer eyJhbGciOiJIUzI1NiJ9.eyJ1c2VySWQiOjIsImVtYWlsIjoicHR0MTAyMDAyQGdtYWlsLmNvbSIsInN1YiI6InB0dDEwMjAwMkBnbWFpbC5jb20iLCJleHAiOjE3MDY2MDM4NDF9.-rV_HoUO67cFtMsdscN9BbJ-JMQXBJuiQb41WO7EUGE
user-agent: Mozilla/5.0 (Windows NT 10.0; Win64; x64) AppleWebKit/537.36 (KHTML, like Gecko) Chrome/120.0.0.0 Safari/537.36 Edg/120.0.0.0
sec-ch-ua-platform: "Windows"
origin: http://localhost:8080
sec-fetch-site: same-origin
sec-fetch-mode: cors
sec-fetch-dest: empty
referer: http://localhost:8080/swagger-ui/index.html
accept-encoding: gzip, deflate, br
accept-language: vi,en;q=0.9,en-GB;q=0.8,en-US;q=0.7
cookie: G_ENABLED_IDPS=google; _ga=GA1.1.1938431758.1687269713; _ga_8WG1E0VK2L=GS1.1.1689064455.77.0.1689064455.0.0.0; JSESSIONID=95CC573FF09FB98464C57BC85D35DAAE


Security filter chain: [
  DisableEncodeUrlFilter
  WebAsyncManagerIntegrationFilter
  SecurityContextHolderFilter
  HeaderWriterFilter
  LogoutFilter
  JwtTokenFilter
  RequestCacheAwareFilter
  SecurityContextHolderAwareRequestFilter
  AnonymousAuthenticationFilter
  ExceptionTranslationFilter
  AuthorizationFilter
]


************************************************************


2023-12-31 15:46:11.789 [SpringApplicationShutdownHook] INFO  o.s.o.j.LocalContainerEntityManagerFactoryBean - Closing JPA EntityManagerFactory for persistence unit 'default'
2023-12-31 15:46:11.820 [SpringApplicationShutdownHook] INFO  com.zaxxer.hikari.HikariDataSource - HikariPool-1 - Shutdown initiated...
2023-12-31 15:46:11.973 [SpringApplicationShutdownHook] INFO  com.zaxxer.hikari.HikariDataSource - HikariPool-1 - Shutdown completed.
2023-12-31 16:25:36.662 [background-preinit] INFO  o.h.validator.internal.util.Version - HV000001: Hibernate Validator 8.0.1.Final
2023-12-31 16:25:36.976 [main] INFO  c.h.h.HighteequeenBackendApplication - Starting HighteequeenBackendApplication using Java 19.0.2 with PID 5152 (E:\Nam 4\Web\highteequeen\Backend\target\classes started by win in E:\Nam 4\Web\highteequeen\Backend)
2023-12-31 16:25:36.985 [main] INFO  c.h.h.HighteequeenBackendApplication - No active profile set, falling back to 1 default profile: "default"
2023-12-31 16:25:39.366 [main] INFO  o.s.d.r.c.RepositoryConfigurationDelegate - Bootstrapping Spring Data JPA repositories in DEFAULT mode.
2023-12-31 16:25:39.675 [main] INFO  o.s.d.r.c.RepositoryConfigurationDelegate - Finished Spring Data repository scanning in 289 ms. Found 11 JPA repository interfaces.
2023-12-31 16:25:42.075 [main] INFO  o.s.b.w.e.tomcat.TomcatWebServer - Tomcat initialized with port(s): 8080 (http)
2023-12-31 16:25:42.099 [main] INFO  o.a.coyote.http11.Http11NioProtocol - Initializing ProtocolHandler ["http-nio-8080"]
2023-12-31 16:25:42.099 [main] INFO  o.a.catalina.core.StandardService - Starting service [Tomcat]
2023-12-31 16:25:42.099 [main] INFO  o.a.catalina.core.StandardEngine - Starting Servlet engine: [Apache Tomcat/10.1.11]
2023-12-31 16:25:42.303 [main] INFO  o.a.c.c.C.[Tomcat].[localhost].[/] - Initializing Spring embedded WebApplicationContext
2023-12-31 16:25:42.309 [main] INFO  o.s.b.w.s.c.ServletWebServerApplicationContext - Root WebApplicationContext: initialization completed in 5164 ms
2023-12-31 16:25:42.789 [main] INFO  o.h.jpa.internal.util.LogHelper - HHH000204: Processing PersistenceUnitInfo [name: default]
2023-12-31 16:25:43.121 [main] INFO  org.hibernate.Version - HHH000412: Hibernate ORM core version 6.2.6.Final
2023-12-31 16:25:43.131 [main] INFO  org.hibernate.cfg.Environment - HHH000406: Using bytecode reflection optimizer
2023-12-31 16:25:43.551 [main] INFO  o.h.b.i.BytecodeProviderInitiator - HHH000021: Bytecode provider name : bytebuddy
2023-12-31 16:25:44.006 [main] INFO  o.s.o.j.p.SpringPersistenceUnitInfo - No LoadTimeWeaver setup: ignoring JPA class transformer
2023-12-31 16:25:44.056 [main] INFO  com.zaxxer.hikari.HikariDataSource - HikariPool-1 - Starting...
2023-12-31 16:25:44.586 [main] INFO  com.zaxxer.hikari.pool.HikariPool - HikariPool-1 - Added connection com.mysql.cj.jdbc.ConnectionImpl@2acca224
2023-12-31 16:25:44.602 [main] INFO  com.zaxxer.hikari.HikariDataSource - HikariPool-1 - Start completed.
2023-12-31 16:25:44.766 [main] WARN  org.hibernate.orm.deprecation - HHH90000026: MySQL8Dialect has been deprecated; use org.hibernate.dialect.MySQLDialect instead
2023-12-31 16:25:46.229 [main] INFO  o.h.b.i.BytecodeProviderInitiator - HHH000021: Bytecode provider name : bytebuddy
2023-12-31 16:25:48.831 [main] INFO  o.h.e.t.j.p.i.JtaPlatformInitiator - HHH000490: Using JtaPlatform implementation: [org.hibernate.engine.transaction.jta.platform.internal.NoJtaPlatform]
2023-12-31 16:25:50.263 [main] INFO  o.s.o.j.LocalContainerEntityManagerFactoryBean - Initialized JPA EntityManagerFactory for persistence unit 'default'
2023-12-31 16:25:51.887 [main] WARN  o.s.b.a.o.j.JpaBaseConfiguration$JpaWebConfiguration - spring.jpa.open-in-view is enabled by default. Therefore, database queries may be performed during view rendering. Explicitly configure spring.jpa.open-in-view to disable this warning
2023-12-31 16:25:52.373 [main] INFO  o.s.d.j.r.query.QueryEnhancerFactory - Hibernate is in classpath; If applicable, HQL parser will be used.
2023-12-31 16:25:55.558 [main] INFO  o.s.s.web.DefaultSecurityFilterChain - Will secure any request with [org.springframework.security.web.session.DisableEncodeUrlFilter@58c7bb01, org.springframework.security.web.context.request.async.WebAsyncManagerIntegrationFilter@75e32c4c, org.springframework.security.web.context.SecurityContextHolderFilter@26f5a9d9, org.springframework.security.web.header.HeaderWriterFilter@42a4e5cb, org.springframework.security.web.authentication.logout.LogoutFilter@7546be68, com.highteequeen.highteequeen_backend.filters.JwtTokenFilter@5ec25b61, org.springframework.security.web.savedrequest.RequestCacheAwareFilter@3e62fe4d, org.springframework.security.web.servletapi.SecurityContextHolderAwareRequestFilter@325e1229, org.springframework.security.web.authentication.AnonymousAuthenticationFilter@2945a3c1, org.springframework.security.web.access.ExceptionTranslationFilter@5ff24b0f, org.springframework.security.web.access.intercept.AuthorizationFilter@152705d0]
2023-12-31 16:25:55.608 [main] WARN  o.s.s.c.a.web.builders.WebSecurity - 

********************************************************************
**********        Security debugging is enabled.       *************
**********    This may include sensitive information.  *************
**********      Do not use in a production system!     *************
********************************************************************


2023-12-31 16:25:56.634 [main] INFO  o.a.coyote.http11.Http11NioProtocol - Starting ProtocolHandler ["http-nio-8080"]
2023-12-31 16:25:56.698 [main] INFO  o.s.b.w.e.tomcat.TomcatWebServer - Tomcat started on port(s): 8080 (http) with context path ''
2023-12-31 16:25:56.725 [main] INFO  c.h.h.HighteequeenBackendApplication - Started HighteequeenBackendApplication in 21.765 seconds (process running for 25.61)
2023-12-31 16:26:51.439 [http-nio-8080-exec-1] INFO  o.a.c.c.C.[Tomcat].[localhost].[/] - Initializing Spring DispatcherServlet 'dispatcherServlet'
2023-12-31 16:26:51.439 [http-nio-8080-exec-1] INFO  o.s.web.servlet.DispatcherServlet - Initializing Servlet 'dispatcherServlet'
2023-12-31 16:26:51.446 [http-nio-8080-exec-1] INFO  o.s.web.servlet.DispatcherServlet - Completed initialization in 2 ms
2023-12-31 16:26:51.476 [http-nio-8080-exec-1] INFO  Spring Security Debugger - 

************************************************************

Request received for GET '/swagger-ui/index.html':

org.apache.catalina.connector.RequestFacade@7d08713f

servletPath:/swagger-ui/index.html
pathInfo:null
headers: 
host: localhost:8080
connection: keep-alive
cache-control: max-age=0
sec-ch-ua: "Not_A Brand";v="8", "Chromium";v="120", "Microsoft Edge";v="120"
sec-ch-ua-mobile: ?0
sec-ch-ua-platform: "Windows"
upgrade-insecure-requests: 1
user-agent: Mozilla/5.0 (Windows NT 10.0; Win64; x64) AppleWebKit/537.36 (KHTML, like Gecko) Chrome/120.0.0.0 Safari/537.36 Edg/120.0.0.0
accept: text/html,application/xhtml+xml,application/xml;q=0.9,image/webp,image/apng,*/*;q=0.8,application/signed-exchange;v=b3;q=0.7
sec-fetch-site: same-origin
sec-fetch-mode: navigate
sec-fetch-user: ?1
sec-fetch-dest: document
accept-encoding: gzip, deflate, br
accept-language: vi,en;q=0.9,en-GB;q=0.8,en-US;q=0.7
cookie: G_ENABLED_IDPS=google; _ga=GA1.1.1938431758.1687269713; _ga_8WG1E0VK2L=GS1.1.1689064455.77.0.1689064455.0.0.0; JSESSIONID=95CC573FF09FB98464C57BC85D35DAAE


Security filter chain: [
  DisableEncodeUrlFilter
  WebAsyncManagerIntegrationFilter
  SecurityContextHolderFilter
  HeaderWriterFilter
  LogoutFilter
  JwtTokenFilter
  RequestCacheAwareFilter
  SecurityContextHolderAwareRequestFilter
  AnonymousAuthenticationFilter
  ExceptionTranslationFilter
  AuthorizationFilter
]


************************************************************


2023-12-31 16:26:51.953 [http-nio-8080-exec-3] INFO  Spring Security Debugger - 

************************************************************

Request received for GET '/swagger-ui/index.css':

org.apache.catalina.connector.RequestFacade@7913ef84

servletPath:/swagger-ui/index.css
pathInfo:null
headers: 
host: localhost:8080
connection: keep-alive
sec-ch-ua: "Not_A Brand";v="8", "Chromium";v="120", "Microsoft Edge";v="120"
sec-ch-ua-mobile: ?0
user-agent: Mozilla/5.0 (Windows NT 10.0; Win64; x64) AppleWebKit/537.36 (KHTML, like Gecko) Chrome/120.0.0.0 Safari/537.36 Edg/120.0.0.0
sec-ch-ua-platform: "Windows"
accept: text/css,*/*;q=0.1
sec-fetch-site: same-origin
sec-fetch-mode: no-cors
sec-fetch-dest: style
referer: http://localhost:8080/swagger-ui/index.html
accept-encoding: gzip, deflate, br
accept-language: vi,en;q=0.9,en-GB;q=0.8,en-US;q=0.7
cookie: G_ENABLED_IDPS=google; _ga=GA1.1.1938431758.1687269713; _ga_8WG1E0VK2L=GS1.1.1689064455.77.0.1689064455.0.0.0; JSESSIONID=95CC573FF09FB98464C57BC85D35DAAE


Security filter chain: [
  DisableEncodeUrlFilter
  WebAsyncManagerIntegrationFilter
  SecurityContextHolderFilter
  HeaderWriterFilter
  LogoutFilter
  JwtTokenFilter
  RequestCacheAwareFilter
  SecurityContextHolderAwareRequestFilter
  AnonymousAuthenticationFilter
  ExceptionTranslationFilter
  AuthorizationFilter
]


************************************************************


2023-12-31 16:26:51.953 [http-nio-8080-exec-2] INFO  Spring Security Debugger - 

************************************************************

Request received for GET '/swagger-ui/swagger-ui.css':

org.apache.catalina.connector.RequestFacade@29f84d03

servletPath:/swagger-ui/swagger-ui.css
pathInfo:null
headers: 
host: localhost:8080
connection: keep-alive
sec-ch-ua: "Not_A Brand";v="8", "Chromium";v="120", "Microsoft Edge";v="120"
sec-ch-ua-mobile: ?0
user-agent: Mozilla/5.0 (Windows NT 10.0; Win64; x64) AppleWebKit/537.36 (KHTML, like Gecko) Chrome/120.0.0.0 Safari/537.36 Edg/120.0.0.0
sec-ch-ua-platform: "Windows"
accept: text/css,*/*;q=0.1
sec-fetch-site: same-origin
sec-fetch-mode: no-cors
sec-fetch-dest: style
referer: http://localhost:8080/swagger-ui/index.html
accept-encoding: gzip, deflate, br
accept-language: vi,en;q=0.9,en-GB;q=0.8,en-US;q=0.7
cookie: G_ENABLED_IDPS=google; _ga=GA1.1.1938431758.1687269713; _ga_8WG1E0VK2L=GS1.1.1689064455.77.0.1689064455.0.0.0; JSESSIONID=95CC573FF09FB98464C57BC85D35DAAE


Security filter chain: [
  DisableEncodeUrlFilter
  WebAsyncManagerIntegrationFilter
  SecurityContextHolderFilter
  HeaderWriterFilter
  LogoutFilter
  JwtTokenFilter
  RequestCacheAwareFilter
  SecurityContextHolderAwareRequestFilter
  AnonymousAuthenticationFilter
  ExceptionTranslationFilter
  AuthorizationFilter
]


************************************************************


2023-12-31 16:26:51.965 [http-nio-8080-exec-4] INFO  Spring Security Debugger - 

************************************************************

Request received for GET '/swagger-ui/swagger-ui-bundle.js':

org.apache.catalina.connector.RequestFacade@3202a49f

servletPath:/swagger-ui/swagger-ui-bundle.js
pathInfo:null
headers: 
host: localhost:8080
connection: keep-alive
sec-ch-ua: "Not_A Brand";v="8", "Chromium";v="120", "Microsoft Edge";v="120"
sec-ch-ua-mobile: ?0
user-agent: Mozilla/5.0 (Windows NT 10.0; Win64; x64) AppleWebKit/537.36 (KHTML, like Gecko) Chrome/120.0.0.0 Safari/537.36 Edg/120.0.0.0
sec-ch-ua-platform: "Windows"
accept: */*
sec-fetch-site: same-origin
sec-fetch-mode: no-cors
sec-fetch-dest: script
referer: http://localhost:8080/swagger-ui/index.html
accept-encoding: gzip, deflate, br
accept-language: vi,en;q=0.9,en-GB;q=0.8,en-US;q=0.7
cookie: G_ENABLED_IDPS=google; _ga=GA1.1.1938431758.1687269713; _ga_8WG1E0VK2L=GS1.1.1689064455.77.0.1689064455.0.0.0; JSESSIONID=95CC573FF09FB98464C57BC85D35DAAE


Security filter chain: [
  DisableEncodeUrlFilter
  WebAsyncManagerIntegrationFilter
  SecurityContextHolderFilter
  HeaderWriterFilter
  LogoutFilter
  JwtTokenFilter
  RequestCacheAwareFilter
  SecurityContextHolderAwareRequestFilter
  AnonymousAuthenticationFilter
  ExceptionTranslationFilter
  AuthorizationFilter
]


************************************************************


2023-12-31 16:26:51.975 [http-nio-8080-exec-5] INFO  Spring Security Debugger - 

************************************************************

Request received for GET '/swagger-ui/swagger-ui-standalone-preset.js':

org.apache.catalina.connector.RequestFacade@2456da4

servletPath:/swagger-ui/swagger-ui-standalone-preset.js
pathInfo:null
headers: 
host: localhost:8080
connection: keep-alive
sec-ch-ua: "Not_A Brand";v="8", "Chromium";v="120", "Microsoft Edge";v="120"
sec-ch-ua-mobile: ?0
user-agent: Mozilla/5.0 (Windows NT 10.0; Win64; x64) AppleWebKit/537.36 (KHTML, like Gecko) Chrome/120.0.0.0 Safari/537.36 Edg/120.0.0.0
sec-ch-ua-platform: "Windows"
accept: */*
sec-fetch-site: same-origin
sec-fetch-mode: no-cors
sec-fetch-dest: script
referer: http://localhost:8080/swagger-ui/index.html
accept-encoding: gzip, deflate, br
accept-language: vi,en;q=0.9,en-GB;q=0.8,en-US;q=0.7
cookie: G_ENABLED_IDPS=google; _ga=GA1.1.1938431758.1687269713; _ga_8WG1E0VK2L=GS1.1.1689064455.77.0.1689064455.0.0.0; JSESSIONID=95CC573FF09FB98464C57BC85D35DAAE


Security filter chain: [
  DisableEncodeUrlFilter
  WebAsyncManagerIntegrationFilter
  SecurityContextHolderFilter
  HeaderWriterFilter
  LogoutFilter
  JwtTokenFilter
  RequestCacheAwareFilter
  SecurityContextHolderAwareRequestFilter
  AnonymousAuthenticationFilter
  ExceptionTranslationFilter
  AuthorizationFilter
]


************************************************************


2023-12-31 16:26:51.983 [http-nio-8080-exec-6] INFO  Spring Security Debugger - 

************************************************************

Request received for GET '/swagger-ui/swagger-initializer.js':

org.apache.catalina.connector.RequestFacade@5240ee40

servletPath:/swagger-ui/swagger-initializer.js
pathInfo:null
headers: 
host: localhost:8080
connection: keep-alive
sec-ch-ua: "Not_A Brand";v="8", "Chromium";v="120", "Microsoft Edge";v="120"
sec-ch-ua-mobile: ?0
user-agent: Mozilla/5.0 (Windows NT 10.0; Win64; x64) AppleWebKit/537.36 (KHTML, like Gecko) Chrome/120.0.0.0 Safari/537.36 Edg/120.0.0.0
sec-ch-ua-platform: "Windows"
accept: */*
sec-fetch-site: same-origin
sec-fetch-mode: no-cors
sec-fetch-dest: script
referer: http://localhost:8080/swagger-ui/index.html
accept-encoding: gzip, deflate, br
accept-language: vi,en;q=0.9,en-GB;q=0.8,en-US;q=0.7
cookie: G_ENABLED_IDPS=google; _ga=GA1.1.1938431758.1687269713; _ga_8WG1E0VK2L=GS1.1.1689064455.77.0.1689064455.0.0.0; JSESSIONID=95CC573FF09FB98464C57BC85D35DAAE


Security filter chain: [
  DisableEncodeUrlFilter
  WebAsyncManagerIntegrationFilter
  SecurityContextHolderFilter
  HeaderWriterFilter
  LogoutFilter
  JwtTokenFilter
  RequestCacheAwareFilter
  SecurityContextHolderAwareRequestFilter
  AnonymousAuthenticationFilter
  ExceptionTranslationFilter
  AuthorizationFilter
]


************************************************************


2023-12-31 16:26:53.973 [http-nio-8080-exec-7] INFO  Spring Security Debugger - 

************************************************************

Request received for GET '/api-docs/swagger-config':

org.apache.catalina.connector.RequestFacade@938d5d7

servletPath:/api-docs/swagger-config
pathInfo:null
headers: 
host: localhost:8080
connection: keep-alive
sec-ch-ua: "Not_A Brand";v="8", "Chromium";v="120", "Microsoft Edge";v="120"
sec-ch-ua-mobile: ?0
user-agent: Mozilla/5.0 (Windows NT 10.0; Win64; x64) AppleWebKit/537.36 (KHTML, like Gecko) Chrome/120.0.0.0 Safari/537.36 Edg/120.0.0.0
sec-ch-ua-platform: "Windows"
accept: */*
sec-fetch-site: same-origin
sec-fetch-mode: cors
sec-fetch-dest: empty
referer: http://localhost:8080/swagger-ui/index.html
accept-encoding: gzip, deflate, br
accept-language: vi,en;q=0.9,en-GB;q=0.8,en-US;q=0.7
cookie: G_ENABLED_IDPS=google; _ga=GA1.1.1938431758.1687269713; _ga_8WG1E0VK2L=GS1.1.1689064455.77.0.1689064455.0.0.0; JSESSIONID=95CC573FF09FB98464C57BC85D35DAAE


Security filter chain: [
  DisableEncodeUrlFilter
  WebAsyncManagerIntegrationFilter
  SecurityContextHolderFilter
  HeaderWriterFilter
  LogoutFilter
  JwtTokenFilter
  RequestCacheAwareFilter
  SecurityContextHolderAwareRequestFilter
  AnonymousAuthenticationFilter
  ExceptionTranslationFilter
  AuthorizationFilter
]


************************************************************


2023-12-31 16:26:54.017 [http-nio-8080-exec-8] INFO  Spring Security Debugger - 

************************************************************

Request received for GET '/swagger-ui/favicon-32x32.png':

org.apache.catalina.connector.RequestFacade@3add22

servletPath:/swagger-ui/favicon-32x32.png
pathInfo:null
headers: 
host: localhost:8080
connection: keep-alive
sec-ch-ua: "Not_A Brand";v="8", "Chromium";v="120", "Microsoft Edge";v="120"
sec-ch-ua-mobile: ?0
user-agent: Mozilla/5.0 (Windows NT 10.0; Win64; x64) AppleWebKit/537.36 (KHTML, like Gecko) Chrome/120.0.0.0 Safari/537.36 Edg/120.0.0.0
sec-ch-ua-platform: "Windows"
accept: image/webp,image/apng,image/svg+xml,image/*,*/*;q=0.8
sec-fetch-site: same-origin
sec-fetch-mode: no-cors
sec-fetch-dest: image
referer: http://localhost:8080/swagger-ui/index.html
accept-encoding: gzip, deflate, br
accept-language: vi,en;q=0.9,en-GB;q=0.8,en-US;q=0.7
cookie: G_ENABLED_IDPS=google; _ga=GA1.1.1938431758.1687269713; _ga_8WG1E0VK2L=GS1.1.1689064455.77.0.1689064455.0.0.0; JSESSIONID=95CC573FF09FB98464C57BC85D35DAAE


Security filter chain: [
  DisableEncodeUrlFilter
  WebAsyncManagerIntegrationFilter
  SecurityContextHolderFilter
  HeaderWriterFilter
  LogoutFilter
  JwtTokenFilter
  RequestCacheAwareFilter
  SecurityContextHolderAwareRequestFilter
  AnonymousAuthenticationFilter
  ExceptionTranslationFilter
  AuthorizationFilter
]


************************************************************


2023-12-31 16:26:54.167 [http-nio-8080-exec-9] INFO  Spring Security Debugger - 

************************************************************

Request received for GET '/api-docs':

org.apache.catalina.connector.RequestFacade@6c30ff95

servletPath:/api-docs
pathInfo:null
headers: 
host: localhost:8080
connection: keep-alive
sec-ch-ua: "Not_A Brand";v="8", "Chromium";v="120", "Microsoft Edge";v="120"
accept: application/json,*/*
sec-ch-ua-mobile: ?0
user-agent: Mozilla/5.0 (Windows NT 10.0; Win64; x64) AppleWebKit/537.36 (KHTML, like Gecko) Chrome/120.0.0.0 Safari/537.36 Edg/120.0.0.0
sec-ch-ua-platform: "Windows"
sec-fetch-site: same-origin
sec-fetch-mode: cors
sec-fetch-dest: empty
referer: http://localhost:8080/swagger-ui/index.html
accept-encoding: gzip, deflate, br
accept-language: vi,en;q=0.9,en-GB;q=0.8,en-US;q=0.7
cookie: G_ENABLED_IDPS=google; _ga=GA1.1.1938431758.1687269713; _ga_8WG1E0VK2L=GS1.1.1689064455.77.0.1689064455.0.0.0; JSESSIONID=95CC573FF09FB98464C57BC85D35DAAE


Security filter chain: [
  DisableEncodeUrlFilter
  WebAsyncManagerIntegrationFilter
  SecurityContextHolderFilter
  HeaderWriterFilter
  LogoutFilter
  JwtTokenFilter
  RequestCacheAwareFilter
  SecurityContextHolderAwareRequestFilter
  AnonymousAuthenticationFilter
  ExceptionTranslationFilter
  AuthorizationFilter
]


************************************************************


2023-12-31 16:26:55.524 [http-nio-8080-exec-9] INFO  o.s.api.AbstractOpenApiResource - Init duration for springdoc-openapi is: 1330 ms
2023-12-31 16:26:58.701 [http-nio-8080-exec-6] INFO  Spring Security Debugger - 

************************************************************

Request received for POST '/api/v1/users/login':

org.apache.catalina.connector.RequestFacade@5c21d468

servletPath:/api/v1/users/login
pathInfo:null
headers: 
accept-language: vi
content-type: application/json
user-agent: PostmanRuntime/7.36.0
accept: */*
cache-control: no-cache
postman-token: 06c146e6-e197-41a0-b09f-5f7b40d94103
host: localhost:8080
accept-encoding: gzip, deflate, br
connection: keep-alive
content-length: 69
cookie: JSESSIONID=6D05FF9A6060DB3BEFE2607735F25EC6


Security filter chain: [
  DisableEncodeUrlFilter
  WebAsyncManagerIntegrationFilter
  SecurityContextHolderFilter
  HeaderWriterFilter
  LogoutFilter
  JwtTokenFilter
  RequestCacheAwareFilter
  SecurityContextHolderAwareRequestFilter
  AnonymousAuthenticationFilter
  ExceptionTranslationFilter
  AuthorizationFilter
]


************************************************************


2023-12-31 16:27:59.425 [http-nio-8080-exec-8] INFO  Spring Security Debugger - 

************************************************************

Request received for POST '/api/v1/products':

org.apache.catalina.connector.RequestFacade@2fefc621

servletPath:/api/v1/products
pathInfo:null
headers: 
host: localhost:8080
connection: keep-alive
content-length: 13597
sec-ch-ua: "Not_A Brand";v="8", "Chromium";v="120", "Microsoft Edge";v="120"
accept: */*
content-type: multipart/form-data; boundary=----WebKitFormBoundaryii3UBMBbuWILC8y0
sec-ch-ua-mobile: ?0
authorization: Bearer eyJhbGciOiJIUzI1NiJ9.eyJ1c2VySWQiOjIsImVtYWlsIjoicHR0MTAyMDAyQGdtYWlsLmNvbSIsInN1YiI6InB0dDEwMjAwMkBnbWFpbC5jb20iLCJleHAiOjE3MDY2MDY4MTl9.hszpZWmViogbujDmBY9Nxg7Q7HPqPnhlEgdXAqGdVUw
user-agent: Mozilla/5.0 (Windows NT 10.0; Win64; x64) AppleWebKit/537.36 (KHTML, like Gecko) Chrome/120.0.0.0 Safari/537.36 Edg/120.0.0.0
sec-ch-ua-platform: "Windows"
origin: http://localhost:8080
sec-fetch-site: same-origin
sec-fetch-mode: cors
sec-fetch-dest: empty
referer: http://localhost:8080/swagger-ui/index.html
accept-encoding: gzip, deflate, br
accept-language: vi,en;q=0.9,en-GB;q=0.8,en-US;q=0.7
cookie: G_ENABLED_IDPS=google; _ga=GA1.1.1938431758.1687269713; _ga_8WG1E0VK2L=GS1.1.1689064455.77.0.1689064455.0.0.0; JSESSIONID=95CC573FF09FB98464C57BC85D35DAAE


Security filter chain: [
  DisableEncodeUrlFilter
  WebAsyncManagerIntegrationFilter
  SecurityContextHolderFilter
  HeaderWriterFilter
  LogoutFilter
  JwtTokenFilter
  RequestCacheAwareFilter
  SecurityContextHolderAwareRequestFilter
  AnonymousAuthenticationFilter
  ExceptionTranslationFilter
  AuthorizationFilter
]


************************************************************


2023-12-31 16:28:57.136 [HikariPool-1 housekeeper] WARN  com.zaxxer.hikari.pool.HikariPool - HikariPool-1 - Thread starvation or clock leap detected (housekeeper delta=1m12s396ms363µs799ns).
2023-12-31 16:28:57.534 [SpringApplicationShutdownHook] INFO  o.s.o.j.LocalContainerEntityManagerFactoryBean - Closing JPA EntityManagerFactory for persistence unit 'default'
2023-12-31 16:28:57.552 [SpringApplicationShutdownHook] INFO  com.zaxxer.hikari.HikariDataSource - HikariPool-1 - Shutdown initiated...
2023-12-31 16:28:57.584 [SpringApplicationShutdownHook] INFO  com.zaxxer.hikari.HikariDataSource - HikariPool-1 - Shutdown completed.
2023-12-31 16:29:23.245 [background-preinit] INFO  o.h.validator.internal.util.Version - HV000001: Hibernate Validator 8.0.1.Final
2023-12-31 16:29:23.297 [main] INFO  c.h.h.HighteequeenBackendApplication - Starting HighteequeenBackendApplication using Java 19.0.2 with PID 24308 (E:\Nam 4\Web\highteequeen\Backend\target\classes started by win in E:\Nam 4\Web\highteequeen\Backend)
2023-12-31 16:29:23.298 [main] INFO  c.h.h.HighteequeenBackendApplication - No active profile set, falling back to 1 default profile: "default"
2023-12-31 16:29:24.786 [main] INFO  o.s.d.r.c.RepositoryConfigurationDelegate - Bootstrapping Spring Data JPA repositories in DEFAULT mode.
2023-12-31 16:29:24.955 [main] INFO  o.s.d.r.c.RepositoryConfigurationDelegate - Finished Spring Data repository scanning in 156 ms. Found 11 JPA repository interfaces.
2023-12-31 16:29:26.972 [main] INFO  o.s.b.w.e.tomcat.TomcatWebServer - Tomcat initialized with port(s): 8080 (http)
2023-12-31 16:29:26.994 [main] INFO  o.a.coyote.http11.Http11NioProtocol - Initializing ProtocolHandler ["http-nio-8080"]
2023-12-31 16:29:26.999 [main] INFO  o.a.catalina.core.StandardService - Starting service [Tomcat]
2023-12-31 16:29:26.999 [main] INFO  o.a.catalina.core.StandardEngine - Starting Servlet engine: [Apache Tomcat/10.1.11]
2023-12-31 16:29:27.216 [main] INFO  o.a.c.c.C.[Tomcat].[localhost].[/] - Initializing Spring embedded WebApplicationContext
2023-12-31 16:29:27.219 [main] INFO  o.s.b.w.s.c.ServletWebServerApplicationContext - Root WebApplicationContext: initialization completed in 3841 ms
2023-12-31 16:29:27.423 [main] INFO  o.h.jpa.internal.util.LogHelper - HHH000204: Processing PersistenceUnitInfo [name: default]
2023-12-31 16:29:27.598 [main] INFO  org.hibernate.Version - HHH000412: Hibernate ORM core version 6.2.6.Final
2023-12-31 16:29:27.605 [main] INFO  org.hibernate.cfg.Environment - HHH000406: Using bytecode reflection optimizer
2023-12-31 16:29:27.905 [main] INFO  o.h.b.i.BytecodeProviderInitiator - HHH000021: Bytecode provider name : bytebuddy
2023-12-31 16:29:28.164 [main] INFO  o.s.o.j.p.SpringPersistenceUnitInfo - No LoadTimeWeaver setup: ignoring JPA class transformer
2023-12-31 16:29:28.191 [main] INFO  com.zaxxer.hikari.HikariDataSource - HikariPool-1 - Starting...
2023-12-31 16:29:28.413 [main] INFO  com.zaxxer.hikari.pool.HikariPool - HikariPool-1 - Added connection com.mysql.cj.jdbc.ConnectionImpl@5abbb273
2023-12-31 16:29:28.415 [main] INFO  com.zaxxer.hikari.HikariDataSource - HikariPool-1 - Start completed.
2023-12-31 16:29:28.484 [main] WARN  org.hibernate.orm.deprecation - HHH90000026: MySQL8Dialect has been deprecated; use org.hibernate.dialect.MySQLDialect instead
2023-12-31 16:29:29.164 [main] INFO  o.h.b.i.BytecodeProviderInitiator - HHH000021: Bytecode provider name : bytebuddy
2023-12-31 16:29:31.070 [main] INFO  o.h.e.t.j.p.i.JtaPlatformInitiator - HHH000490: Using JtaPlatform implementation: [org.hibernate.engine.transaction.jta.platform.internal.NoJtaPlatform]
2023-12-31 16:29:32.188 [main] INFO  o.s.o.j.LocalContainerEntityManagerFactoryBean - Initialized JPA EntityManagerFactory for persistence unit 'default'
2023-12-31 16:29:33.149 [main] WARN  o.s.b.a.o.j.JpaBaseConfiguration$JpaWebConfiguration - spring.jpa.open-in-view is enabled by default. Therefore, database queries may be performed during view rendering. Explicitly configure spring.jpa.open-in-view to disable this warning
2023-12-31 16:29:33.552 [main] INFO  o.s.d.j.r.query.QueryEnhancerFactory - Hibernate is in classpath; If applicable, HQL parser will be used.
2023-12-31 16:29:35.605 [main] INFO  o.s.s.web.DefaultSecurityFilterChain - Will secure any request with [org.springframework.security.web.session.DisableEncodeUrlFilter@6314b195, org.springframework.security.web.context.request.async.WebAsyncManagerIntegrationFilter@4424285, org.springframework.security.web.context.SecurityContextHolderFilter@6b13d558, org.springframework.security.web.header.HeaderWriterFilter@4584940b, org.springframework.security.web.authentication.logout.LogoutFilter@58c7bb01, com.highteequeen.highteequeen_backend.filters.JwtTokenFilter@373c8f35, org.springframework.security.web.savedrequest.RequestCacheAwareFilter@1c4053aa, org.springframework.security.web.servletapi.SecurityContextHolderAwareRequestFilter@709de434, org.springframework.security.web.authentication.AnonymousAuthenticationFilter@65a022e6, org.springframework.security.web.access.ExceptionTranslationFilter@2e300294, org.springframework.security.web.access.intercept.AuthorizationFilter@66403e2c]
2023-12-31 16:29:35.618 [main] WARN  o.s.s.c.a.web.builders.WebSecurity - 

********************************************************************
**********        Security debugging is enabled.       *************
**********    This may include sensitive information.  *************
**********      Do not use in a production system!     *************
********************************************************************


2023-12-31 16:29:36.103 [main] INFO  o.a.coyote.http11.Http11NioProtocol - Starting ProtocolHandler ["http-nio-8080"]
2023-12-31 16:29:36.139 [main] INFO  o.s.b.w.e.tomcat.TomcatWebServer - Tomcat started on port(s): 8080 (http) with context path ''
2023-12-31 16:29:36.158 [main] INFO  c.h.h.HighteequeenBackendApplication - Started HighteequeenBackendApplication in 13.534 seconds (process running for 15.454)
2023-12-31 16:29:41.964 [http-nio-8080-exec-1] INFO  o.a.c.c.C.[Tomcat].[localhost].[/] - Initializing Spring DispatcherServlet 'dispatcherServlet'
2023-12-31 16:29:41.965 [http-nio-8080-exec-1] INFO  o.s.web.servlet.DispatcherServlet - Initializing Servlet 'dispatcherServlet'
2023-12-31 16:29:41.966 [http-nio-8080-exec-1] INFO  o.s.web.servlet.DispatcherServlet - Completed initialization in 1 ms
2023-12-31 16:29:41.974 [http-nio-8080-exec-1] INFO  Spring Security Debugger - 

************************************************************

Request received for POST '/api/v1/products':

org.apache.catalina.connector.RequestFacade@76daaa54

servletPath:/api/v1/products
pathInfo:null
headers: 
host: localhost:8080
connection: keep-alive
content-length: 13597
sec-ch-ua: "Not_A Brand";v="8", "Chromium";v="120", "Microsoft Edge";v="120"
accept: */*
content-type: multipart/form-data; boundary=----WebKitFormBoundarywXK3GfL68s3CppIZ
sec-ch-ua-mobile: ?0
authorization: Bearer eyJhbGciOiJIUzI1NiJ9.eyJ1c2VySWQiOjIsImVtYWlsIjoicHR0MTAyMDAyQGdtYWlsLmNvbSIsInN1YiI6InB0dDEwMjAwMkBnbWFpbC5jb20iLCJleHAiOjE3MDY2MDY4MTl9.hszpZWmViogbujDmBY9Nxg7Q7HPqPnhlEgdXAqGdVUw
user-agent: Mozilla/5.0 (Windows NT 10.0; Win64; x64) AppleWebKit/537.36 (KHTML, like Gecko) Chrome/120.0.0.0 Safari/537.36 Edg/120.0.0.0
sec-ch-ua-platform: "Windows"
origin: http://localhost:8080
sec-fetch-site: same-origin
sec-fetch-mode: cors
sec-fetch-dest: empty
referer: http://localhost:8080/swagger-ui/index.html
accept-encoding: gzip, deflate, br
accept-language: vi,en;q=0.9,en-GB;q=0.8,en-US;q=0.7
cookie: G_ENABLED_IDPS=google; _ga=GA1.1.1938431758.1687269713; _ga_8WG1E0VK2L=GS1.1.1689064455.77.0.1689064455.0.0.0; JSESSIONID=95CC573FF09FB98464C57BC85D35DAAE


Security filter chain: [
  DisableEncodeUrlFilter
  WebAsyncManagerIntegrationFilter
  SecurityContextHolderFilter
  HeaderWriterFilter
  LogoutFilter
  JwtTokenFilter
  RequestCacheAwareFilter
  SecurityContextHolderAwareRequestFilter
  AnonymousAuthenticationFilter
  ExceptionTranslationFilter
  AuthorizationFilter
]


************************************************************


2023-12-31 16:30:31.686 [HikariPool-1 housekeeper] WARN  com.zaxxer.hikari.pool.HikariPool - HikariPool-1 - Thread starvation or clock leap detected (housekeeper delta=1m3s165ms950µs1ns).
2023-12-31 16:30:48.793 [http-nio-8080-exec-3] INFO  Spring Security Debugger - 

************************************************************

Request received for POST '/api/v1/products':

org.apache.catalina.connector.RequestFacade@3a2a7892

servletPath:/api/v1/products
pathInfo:null
headers: 
host: localhost:8080
connection: keep-alive
content-length: 353588
sec-ch-ua: "Not_A Brand";v="8", "Chromium";v="120", "Microsoft Edge";v="120"
accept: */*
content-type: multipart/form-data; boundary=----WebKitFormBoundarysxBDY2csk4MC8AXo
sec-ch-ua-mobile: ?0
authorization: Bearer eyJhbGciOiJIUzI1NiJ9.eyJ1c2VySWQiOjIsImVtYWlsIjoicHR0MTAyMDAyQGdtYWlsLmNvbSIsInN1YiI6InB0dDEwMjAwMkBnbWFpbC5jb20iLCJleHAiOjE3MDY2MDY4MTl9.hszpZWmViogbujDmBY9Nxg7Q7HPqPnhlEgdXAqGdVUw
user-agent: Mozilla/5.0 (Windows NT 10.0; Win64; x64) AppleWebKit/537.36 (KHTML, like Gecko) Chrome/120.0.0.0 Safari/537.36 Edg/120.0.0.0
sec-ch-ua-platform: "Windows"
origin: http://localhost:8080
sec-fetch-site: same-origin
sec-fetch-mode: cors
sec-fetch-dest: empty
referer: http://localhost:8080/swagger-ui/index.html
accept-encoding: gzip, deflate, br
accept-language: vi,en;q=0.9,en-GB;q=0.8,en-US;q=0.7
cookie: G_ENABLED_IDPS=google; _ga=GA1.1.1938431758.1687269713; _ga_8WG1E0VK2L=GS1.1.1689064455.77.0.1689064455.0.0.0; JSESSIONID=95CC573FF09FB98464C57BC85D35DAAE


Security filter chain: [
  DisableEncodeUrlFilter
  WebAsyncManagerIntegrationFilter
  SecurityContextHolderFilter
  HeaderWriterFilter
  LogoutFilter
  JwtTokenFilter
  RequestCacheAwareFilter
  SecurityContextHolderAwareRequestFilter
  AnonymousAuthenticationFilter
  ExceptionTranslationFilter
  AuthorizationFilter
]


************************************************************


2023-12-31 16:31:40.421 [SpringApplicationShutdownHook] INFO  o.s.o.j.LocalContainerEntityManagerFactoryBean - Closing JPA EntityManagerFactory for persistence unit 'default'
2023-12-31 16:31:40.421 [SpringApplicationShutdownHook] INFO  com.zaxxer.hikari.HikariDataSource - HikariPool-1 - Shutdown initiated...
2023-12-31 16:31:40.435 [SpringApplicationShutdownHook] INFO  com.zaxxer.hikari.HikariDataSource - HikariPool-1 - Shutdown completed.
2023-12-31 16:37:39.941 [background-preinit] INFO  o.h.validator.internal.util.Version - HV000001: Hibernate Validator 8.0.1.Final
2023-12-31 16:37:40.056 [main] INFO  c.h.h.HighteequeenBackendApplication - Starting HighteequeenBackendApplication using Java 19.0.2 with PID 36684 (E:\Nam 4\Web\highteequeen\Backend\target\classes started by win in E:\Nam 4\Web\highteequeen\Backend)
2023-12-31 16:37:40.057 [main] INFO  c.h.h.HighteequeenBackendApplication - No active profile set, falling back to 1 default profile: "default"
2023-12-31 16:37:42.557 [main] INFO  o.s.d.r.c.RepositoryConfigurationDelegate - Bootstrapping Spring Data JPA repositories in DEFAULT mode.
2023-12-31 16:37:42.727 [main] INFO  o.s.d.r.c.RepositoryConfigurationDelegate - Finished Spring Data repository scanning in 155 ms. Found 11 JPA repository interfaces.
2023-12-31 16:37:44.372 [main] INFO  o.s.b.w.e.tomcat.TomcatWebServer - Tomcat initialized with port(s): 8080 (http)
2023-12-31 16:37:44.389 [main] INFO  o.a.coyote.http11.Http11NioProtocol - Initializing ProtocolHandler ["http-nio-8080"]
2023-12-31 16:37:44.389 [main] INFO  o.a.catalina.core.StandardService - Starting service [Tomcat]
2023-12-31 16:37:44.389 [main] INFO  o.a.catalina.core.StandardEngine - Starting Servlet engine: [Apache Tomcat/10.1.11]
2023-12-31 16:37:44.639 [main] INFO  o.a.c.c.C.[Tomcat].[localhost].[/] - Initializing Spring embedded WebApplicationContext
2023-12-31 16:37:44.655 [main] INFO  o.s.b.w.s.c.ServletWebServerApplicationContext - Root WebApplicationContext: initialization completed in 4158 ms
2023-12-31 16:37:45.075 [main] INFO  o.h.jpa.internal.util.LogHelper - HHH000204: Processing PersistenceUnitInfo [name: default]
2023-12-31 16:37:45.261 [main] INFO  org.hibernate.Version - HHH000412: Hibernate ORM core version 6.2.6.Final
2023-12-31 16:37:45.269 [main] INFO  org.hibernate.cfg.Environment - HHH000406: Using bytecode reflection optimizer
2023-12-31 16:37:45.533 [main] INFO  o.h.b.i.BytecodeProviderInitiator - HHH000021: Bytecode provider name : bytebuddy
2023-12-31 16:37:45.736 [main] INFO  o.s.o.j.p.SpringPersistenceUnitInfo - No LoadTimeWeaver setup: ignoring JPA class transformer
2023-12-31 16:37:45.767 [main] INFO  com.zaxxer.hikari.HikariDataSource - HikariPool-1 - Starting...
2023-12-31 16:37:46.010 [main] INFO  com.zaxxer.hikari.pool.HikariPool - HikariPool-1 - Added connection com.mysql.cj.jdbc.ConnectionImpl@65f5cae3
2023-12-31 16:37:46.010 [main] INFO  com.zaxxer.hikari.HikariDataSource - HikariPool-1 - Start completed.
2023-12-31 16:37:46.104 [main] WARN  org.hibernate.orm.deprecation - HHH90000026: MySQL8Dialect has been deprecated; use org.hibernate.dialect.MySQLDialect instead
2023-12-31 16:37:46.675 [main] INFO  o.h.b.i.BytecodeProviderInitiator - HHH000021: Bytecode provider name : bytebuddy
2023-12-31 16:37:48.669 [main] INFO  o.h.e.t.j.p.i.JtaPlatformInitiator - HHH000490: Using JtaPlatform implementation: [org.hibernate.engine.transaction.jta.platform.internal.NoJtaPlatform]
2023-12-31 16:37:49.375 [main] INFO  o.s.o.j.LocalContainerEntityManagerFactoryBean - Initialized JPA EntityManagerFactory for persistence unit 'default'
2023-12-31 16:37:50.229 [main] WARN  o.s.b.a.o.j.JpaBaseConfiguration$JpaWebConfiguration - spring.jpa.open-in-view is enabled by default. Therefore, database queries may be performed during view rendering. Explicitly configure spring.jpa.open-in-view to disable this warning
2023-12-31 16:37:50.448 [main] INFO  o.s.d.j.r.query.QueryEnhancerFactory - Hibernate is in classpath; If applicable, HQL parser will be used.
2023-12-31 16:37:53.083 [main] INFO  o.s.s.web.DefaultSecurityFilterChain - Will secure any request with [org.springframework.security.web.session.DisableEncodeUrlFilter@32394a4b, org.springframework.security.web.context.request.async.WebAsyncManagerIntegrationFilter@21b33459, org.springframework.security.web.context.SecurityContextHolderFilter@74e14434, org.springframework.security.web.header.HeaderWriterFilter@54d66499, org.springframework.security.web.authentication.logout.LogoutFilter@7bad8257, com.highteequeen.highteequeen_backend.filters.JwtTokenFilter@4df8443f, org.springframework.security.web.savedrequest.RequestCacheAwareFilter@3f64a088, org.springframework.security.web.servletapi.SecurityContextHolderAwareRequestFilter@557d9532, org.springframework.security.web.authentication.AnonymousAuthenticationFilter@8499717, org.springframework.security.web.access.ExceptionTranslationFilter@5416bc77, org.springframework.security.web.access.intercept.AuthorizationFilter@3514d1a4]
2023-12-31 16:37:53.112 [main] WARN  o.s.s.c.a.web.builders.WebSecurity - 

********************************************************************
**********        Security debugging is enabled.       *************
**********    This may include sensitive information.  *************
**********      Do not use in a production system!     *************
********************************************************************


2023-12-31 16:37:54.365 [main] INFO  o.a.coyote.http11.Http11NioProtocol - Starting ProtocolHandler ["http-nio-8080"]
2023-12-31 16:37:54.410 [main] INFO  o.s.b.w.e.tomcat.TomcatWebServer - Tomcat started on port(s): 8080 (http) with context path ''
2023-12-31 16:37:54.448 [main] INFO  c.h.h.HighteequeenBackendApplication - Started HighteequeenBackendApplication in 15.774 seconds (process running for 20.09)
2023-12-31 16:41:13.277 [http-nio-8080-exec-1] INFO  o.a.c.c.C.[Tomcat].[localhost].[/] - Initializing Spring DispatcherServlet 'dispatcherServlet'
2023-12-31 16:41:13.279 [http-nio-8080-exec-1] INFO  o.s.web.servlet.DispatcherServlet - Initializing Servlet 'dispatcherServlet'
2023-12-31 16:41:13.284 [http-nio-8080-exec-1] INFO  o.s.web.servlet.DispatcherServlet - Completed initialization in 5 ms
2023-12-31 16:41:13.306 [http-nio-8080-exec-1] INFO  Spring Security Debugger - 

************************************************************

Request received for GET '/swagger-ui/index.html':

org.apache.catalina.connector.RequestFacade@37b0ad7c

servletPath:/swagger-ui/index.html
pathInfo:null
headers: 
host: localhost:8080
connection: keep-alive
sec-ch-ua: "Not_A Brand";v="8", "Chromium";v="120", "Google Chrome";v="120"
sec-ch-ua-mobile: ?0
sec-ch-ua-platform: "Windows"
upgrade-insecure-requests: 1
user-agent: Mozilla/5.0 (Windows NT 10.0; Win64; x64) AppleWebKit/537.36 (KHTML, like Gecko) Chrome/120.0.0.0 Safari/537.36
accept: text/html,application/xhtml+xml,application/xml;q=0.9,image/avif,image/webp,image/apng,*/*;q=0.8,application/signed-exchange;v=b3;q=0.7
sec-fetch-site: same-origin
sec-fetch-mode: navigate
sec-fetch-user: ?1
sec-fetch-dest: document
accept-encoding: gzip, deflate, br
accept-language: en-US,en;q=0.9,vi;q=0.8
cookie: G_ENABLED_IDPS=google; _ga=GA1.1.1918810936.1687271823; _ga_8WG1E0VK2L=GS1.1.1689063898.11.1.1689064844.0.0.0; JSESSIONID=84875F0CD44A6C24121E1B7EB9701E4F


Security filter chain: [
  DisableEncodeUrlFilter
  WebAsyncManagerIntegrationFilter
  SecurityContextHolderFilter
  HeaderWriterFilter
  LogoutFilter
  JwtTokenFilter
  RequestCacheAwareFilter
  SecurityContextHolderAwareRequestFilter
  AnonymousAuthenticationFilter
  ExceptionTranslationFilter
  AuthorizationFilter
]


************************************************************


2023-12-31 16:44:51.380 [http-nio-8080-exec-3] INFO  Spring Security Debugger - 

************************************************************

Request received for GET '/swagger-ui/index.html':

org.apache.catalina.connector.RequestFacade@938d5d7

servletPath:/swagger-ui/index.html
pathInfo:null
headers: 
host: localhost:8080
connection: keep-alive
cache-control: max-age=0
sec-ch-ua: "Not_A Brand";v="8", "Chromium";v="120", "Microsoft Edge";v="120"
sec-ch-ua-mobile: ?0
sec-ch-ua-platform: "Windows"
upgrade-insecure-requests: 1
user-agent: Mozilla/5.0 (Windows NT 10.0; Win64; x64) AppleWebKit/537.36 (KHTML, like Gecko) Chrome/120.0.0.0 Safari/537.36 Edg/120.0.0.0
accept: text/html,application/xhtml+xml,application/xml;q=0.9,image/webp,image/apng,*/*;q=0.8,application/signed-exchange;v=b3;q=0.7
sec-fetch-site: same-origin
sec-fetch-mode: navigate
sec-fetch-user: ?1
sec-fetch-dest: document
accept-encoding: gzip, deflate, br
accept-language: vi,en;q=0.9,en-GB;q=0.8,en-US;q=0.7
cookie: G_ENABLED_IDPS=google; _ga=GA1.1.1938431758.1687269713; _ga_8WG1E0VK2L=GS1.1.1689064455.77.0.1689064455.0.0.0; JSESSIONID=95CC573FF09FB98464C57BC85D35DAAE


Security filter chain: [
  DisableEncodeUrlFilter
  WebAsyncManagerIntegrationFilter
  SecurityContextHolderFilter
  HeaderWriterFilter
  LogoutFilter
  JwtTokenFilter
  RequestCacheAwareFilter
  SecurityContextHolderAwareRequestFilter
  AnonymousAuthenticationFilter
  ExceptionTranslationFilter
  AuthorizationFilter
]


************************************************************


2023-12-31 16:44:51.544 [http-nio-8080-exec-4] INFO  Spring Security Debugger - 

************************************************************

Request received for GET '/swagger-ui/swagger-ui.css':

org.apache.catalina.connector.RequestFacade@3add22

servletPath:/swagger-ui/swagger-ui.css
pathInfo:null
headers: 
host: localhost:8080
connection: keep-alive
sec-ch-ua: "Not_A Brand";v="8", "Chromium";v="120", "Microsoft Edge";v="120"
sec-ch-ua-mobile: ?0
user-agent: Mozilla/5.0 (Windows NT 10.0; Win64; x64) AppleWebKit/537.36 (KHTML, like Gecko) Chrome/120.0.0.0 Safari/537.36 Edg/120.0.0.0
sec-ch-ua-platform: "Windows"
accept: text/css,*/*;q=0.1
sec-fetch-site: same-origin
sec-fetch-mode: no-cors
sec-fetch-dest: style
referer: http://localhost:8080/swagger-ui/index.html
accept-encoding: gzip, deflate, br
accept-language: vi,en;q=0.9,en-GB;q=0.8,en-US;q=0.7
cookie: G_ENABLED_IDPS=google; _ga=GA1.1.1938431758.1687269713; _ga_8WG1E0VK2L=GS1.1.1689064455.77.0.1689064455.0.0.0; JSESSIONID=95CC573FF09FB98464C57BC85D35DAAE


Security filter chain: [
  DisableEncodeUrlFilter
  WebAsyncManagerIntegrationFilter
  SecurityContextHolderFilter
  HeaderWriterFilter
  LogoutFilter
  JwtTokenFilter
  RequestCacheAwareFilter
  SecurityContextHolderAwareRequestFilter
  AnonymousAuthenticationFilter
  ExceptionTranslationFilter
  AuthorizationFilter
]


************************************************************


2023-12-31 16:44:51.548 [http-nio-8080-exec-5] INFO  Spring Security Debugger - 

************************************************************

Request received for GET '/swagger-ui/index.css':

org.apache.catalina.connector.RequestFacade@6c30ff95

servletPath:/swagger-ui/index.css
pathInfo:null
headers: 
host: localhost:8080
connection: keep-alive
sec-ch-ua: "Not_A Brand";v="8", "Chromium";v="120", "Microsoft Edge";v="120"
sec-ch-ua-mobile: ?0
user-agent: Mozilla/5.0 (Windows NT 10.0; Win64; x64) AppleWebKit/537.36 (KHTML, like Gecko) Chrome/120.0.0.0 Safari/537.36 Edg/120.0.0.0
sec-ch-ua-platform: "Windows"
accept: text/css,*/*;q=0.1
sec-fetch-site: same-origin
sec-fetch-mode: no-cors
sec-fetch-dest: style
referer: http://localhost:8080/swagger-ui/index.html
accept-encoding: gzip, deflate, br
accept-language: vi,en;q=0.9,en-GB;q=0.8,en-US;q=0.7
cookie: G_ENABLED_IDPS=google; _ga=GA1.1.1938431758.1687269713; _ga_8WG1E0VK2L=GS1.1.1689064455.77.0.1689064455.0.0.0; JSESSIONID=95CC573FF09FB98464C57BC85D35DAAE


Security filter chain: [
  DisableEncodeUrlFilter
  WebAsyncManagerIntegrationFilter
  SecurityContextHolderFilter
  HeaderWriterFilter
  LogoutFilter
  JwtTokenFilter
  RequestCacheAwareFilter
  SecurityContextHolderAwareRequestFilter
  AnonymousAuthenticationFilter
  ExceptionTranslationFilter
  AuthorizationFilter
]


************************************************************


2023-12-31 16:44:51.556 [http-nio-8080-exec-6] INFO  Spring Security Debugger - 

************************************************************

Request received for GET '/swagger-ui/swagger-ui-bundle.js':

org.apache.catalina.connector.RequestFacade@2333eda9

servletPath:/swagger-ui/swagger-ui-bundle.js
pathInfo:null
headers: 
host: localhost:8080
connection: keep-alive
sec-ch-ua: "Not_A Brand";v="8", "Chromium";v="120", "Microsoft Edge";v="120"
sec-ch-ua-mobile: ?0
user-agent: Mozilla/5.0 (Windows NT 10.0; Win64; x64) AppleWebKit/537.36 (KHTML, like Gecko) Chrome/120.0.0.0 Safari/537.36 Edg/120.0.0.0
sec-ch-ua-platform: "Windows"
accept: */*
sec-fetch-site: same-origin
sec-fetch-mode: no-cors
sec-fetch-dest: script
referer: http://localhost:8080/swagger-ui/index.html
accept-encoding: gzip, deflate, br
accept-language: vi,en;q=0.9,en-GB;q=0.8,en-US;q=0.7
cookie: G_ENABLED_IDPS=google; _ga=GA1.1.1938431758.1687269713; _ga_8WG1E0VK2L=GS1.1.1689064455.77.0.1689064455.0.0.0; JSESSIONID=95CC573FF09FB98464C57BC85D35DAAE


Security filter chain: [
  DisableEncodeUrlFilter
  WebAsyncManagerIntegrationFilter
  SecurityContextHolderFilter
  HeaderWriterFilter
  LogoutFilter
  JwtTokenFilter
  RequestCacheAwareFilter
  SecurityContextHolderAwareRequestFilter
  AnonymousAuthenticationFilter
  ExceptionTranslationFilter
  AuthorizationFilter
]


************************************************************


2023-12-31 16:44:51.575 [http-nio-8080-exec-7] INFO  Spring Security Debugger - 

************************************************************

Request received for GET '/swagger-ui/swagger-ui-standalone-preset.js':

org.apache.catalina.connector.RequestFacade@3f265cad

servletPath:/swagger-ui/swagger-ui-standalone-preset.js
pathInfo:null
headers: 
host: localhost:8080
connection: keep-alive
sec-ch-ua: "Not_A Brand";v="8", "Chromium";v="120", "Microsoft Edge";v="120"
sec-ch-ua-mobile: ?0
user-agent: Mozilla/5.0 (Windows NT 10.0; Win64; x64) AppleWebKit/537.36 (KHTML, like Gecko) Chrome/120.0.0.0 Safari/537.36 Edg/120.0.0.0
sec-ch-ua-platform: "Windows"
accept: */*
sec-fetch-site: same-origin
sec-fetch-mode: no-cors
sec-fetch-dest: script
referer: http://localhost:8080/swagger-ui/index.html
accept-encoding: gzip, deflate, br
accept-language: vi,en;q=0.9,en-GB;q=0.8,en-US;q=0.7
cookie: G_ENABLED_IDPS=google; _ga=GA1.1.1938431758.1687269713; _ga_8WG1E0VK2L=GS1.1.1689064455.77.0.1689064455.0.0.0; JSESSIONID=95CC573FF09FB98464C57BC85D35DAAE


Security filter chain: [
  DisableEncodeUrlFilter
  WebAsyncManagerIntegrationFilter
  SecurityContextHolderFilter
  HeaderWriterFilter
  LogoutFilter
  JwtTokenFilter
  RequestCacheAwareFilter
  SecurityContextHolderAwareRequestFilter
  AnonymousAuthenticationFilter
  ExceptionTranslationFilter
  AuthorizationFilter
]


************************************************************


2023-12-31 16:44:51.575 [http-nio-8080-exec-10] INFO  Spring Security Debugger - 

************************************************************

Request received for GET '/swagger-ui/swagger-initializer.js':

org.apache.catalina.connector.RequestFacade@6c58ceb

servletPath:/swagger-ui/swagger-initializer.js
pathInfo:null
headers: 
host: localhost:8080
connection: keep-alive
sec-ch-ua: "Not_A Brand";v="8", "Chromium";v="120", "Microsoft Edge";v="120"
sec-ch-ua-mobile: ?0
user-agent: Mozilla/5.0 (Windows NT 10.0; Win64; x64) AppleWebKit/537.36 (KHTML, like Gecko) Chrome/120.0.0.0 Safari/537.36 Edg/120.0.0.0
sec-ch-ua-platform: "Windows"
accept: */*
sec-fetch-site: same-origin
sec-fetch-mode: no-cors
sec-fetch-dest: script
referer: http://localhost:8080/swagger-ui/index.html
accept-encoding: gzip, deflate, br
accept-language: vi,en;q=0.9,en-GB;q=0.8,en-US;q=0.7
cookie: G_ENABLED_IDPS=google; _ga=GA1.1.1938431758.1687269713; _ga_8WG1E0VK2L=GS1.1.1689064455.77.0.1689064455.0.0.0; JSESSIONID=95CC573FF09FB98464C57BC85D35DAAE


Security filter chain: [
  DisableEncodeUrlFilter
  WebAsyncManagerIntegrationFilter
  SecurityContextHolderFilter
  HeaderWriterFilter
  LogoutFilter
  JwtTokenFilter
  RequestCacheAwareFilter
  SecurityContextHolderAwareRequestFilter
  AnonymousAuthenticationFilter
  ExceptionTranslationFilter
  AuthorizationFilter
]


************************************************************


2023-12-31 16:44:54.550 [http-nio-8080-exec-5] INFO  Spring Security Debugger - 

************************************************************

Request received for GET '/api-docs/swagger-config':

org.apache.catalina.connector.RequestFacade@67e34219

servletPath:/api-docs/swagger-config
pathInfo:null
headers: 
host: localhost:8080
connection: keep-alive
sec-ch-ua: "Not_A Brand";v="8", "Chromium";v="120", "Microsoft Edge";v="120"
sec-ch-ua-mobile: ?0
user-agent: Mozilla/5.0 (Windows NT 10.0; Win64; x64) AppleWebKit/537.36 (KHTML, like Gecko) Chrome/120.0.0.0 Safari/537.36 Edg/120.0.0.0
sec-ch-ua-platform: "Windows"
accept: */*
sec-fetch-site: same-origin
sec-fetch-mode: cors
sec-fetch-dest: empty
referer: http://localhost:8080/swagger-ui/index.html
accept-encoding: gzip, deflate, br
accept-language: vi,en;q=0.9,en-GB;q=0.8,en-US;q=0.7
cookie: G_ENABLED_IDPS=google; _ga=GA1.1.1938431758.1687269713; _ga_8WG1E0VK2L=GS1.1.1689064455.77.0.1689064455.0.0.0; JSESSIONID=95CC573FF09FB98464C57BC85D35DAAE


Security filter chain: [
  DisableEncodeUrlFilter
  WebAsyncManagerIntegrationFilter
  SecurityContextHolderFilter
  HeaderWriterFilter
  LogoutFilter
  JwtTokenFilter
  RequestCacheAwareFilter
  SecurityContextHolderAwareRequestFilter
  AnonymousAuthenticationFilter
  ExceptionTranslationFilter
  AuthorizationFilter
]


************************************************************


2023-12-31 16:44:54.601 [http-nio-8080-exec-4] INFO  Spring Security Debugger - 

************************************************************

Request received for GET '/swagger-ui/favicon-32x32.png':

org.apache.catalina.connector.RequestFacade@2fefc621

servletPath:/swagger-ui/favicon-32x32.png
pathInfo:null
headers: 
host: localhost:8080
connection: keep-alive
sec-ch-ua: "Not_A Brand";v="8", "Chromium";v="120", "Microsoft Edge";v="120"
sec-ch-ua-mobile: ?0
user-agent: Mozilla/5.0 (Windows NT 10.0; Win64; x64) AppleWebKit/537.36 (KHTML, like Gecko) Chrome/120.0.0.0 Safari/537.36 Edg/120.0.0.0
sec-ch-ua-platform: "Windows"
accept: image/webp,image/apng,image/svg+xml,image/*,*/*;q=0.8
sec-fetch-site: same-origin
sec-fetch-mode: no-cors
sec-fetch-dest: image
referer: http://localhost:8080/swagger-ui/index.html
accept-encoding: gzip, deflate, br
accept-language: vi,en;q=0.9,en-GB;q=0.8,en-US;q=0.7
cookie: G_ENABLED_IDPS=google; _ga=GA1.1.1938431758.1687269713; _ga_8WG1E0VK2L=GS1.1.1689064455.77.0.1689064455.0.0.0; JSESSIONID=95CC573FF09FB98464C57BC85D35DAAE


Security filter chain: [
  DisableEncodeUrlFilter
  WebAsyncManagerIntegrationFilter
  SecurityContextHolderFilter
  HeaderWriterFilter
  LogoutFilter
  JwtTokenFilter
  RequestCacheAwareFilter
  SecurityContextHolderAwareRequestFilter
  AnonymousAuthenticationFilter
  ExceptionTranslationFilter
  AuthorizationFilter
]


************************************************************


2023-12-31 16:44:54.859 [http-nio-8080-exec-7] INFO  Spring Security Debugger - 

************************************************************

Request received for GET '/api-docs':

org.apache.catalina.connector.RequestFacade@10f3504d

servletPath:/api-docs
pathInfo:null
headers: 
host: localhost:8080
connection: keep-alive
sec-ch-ua: "Not_A Brand";v="8", "Chromium";v="120", "Microsoft Edge";v="120"
accept: application/json,*/*
sec-ch-ua-mobile: ?0
user-agent: Mozilla/5.0 (Windows NT 10.0; Win64; x64) AppleWebKit/537.36 (KHTML, like Gecko) Chrome/120.0.0.0 Safari/537.36 Edg/120.0.0.0
sec-ch-ua-platform: "Windows"
sec-fetch-site: same-origin
sec-fetch-mode: cors
sec-fetch-dest: empty
referer: http://localhost:8080/swagger-ui/index.html
accept-encoding: gzip, deflate, br
accept-language: vi,en;q=0.9,en-GB;q=0.8,en-US;q=0.7
cookie: G_ENABLED_IDPS=google; _ga=GA1.1.1938431758.1687269713; _ga_8WG1E0VK2L=GS1.1.1689064455.77.0.1689064455.0.0.0; JSESSIONID=95CC573FF09FB98464C57BC85D35DAAE


Security filter chain: [
  DisableEncodeUrlFilter
  WebAsyncManagerIntegrationFilter
  SecurityContextHolderFilter
  HeaderWriterFilter
  LogoutFilter
  JwtTokenFilter
  RequestCacheAwareFilter
  SecurityContextHolderAwareRequestFilter
  AnonymousAuthenticationFilter
  ExceptionTranslationFilter
  AuthorizationFilter
]


************************************************************


2023-12-31 16:44:57.261 [http-nio-8080-exec-7] INFO  o.s.api.AbstractOpenApiResource - Init duration for springdoc-openapi is: 2246 ms
2023-12-31 16:46:40.569 [http-nio-8080-exec-1] INFO  Spring Security Debugger - 

************************************************************

Request received for POST '/api/v1/users/login':

org.apache.catalina.connector.RequestFacade@4c5a75e2

servletPath:/api/v1/users/login
pathInfo:null
headers: 
accept-language: vi
content-type: application/json
user-agent: PostmanRuntime/7.36.0
accept: */*
cache-control: no-cache
postman-token: 93698a5a-10f4-4842-b406-475a10e5c054
host: localhost:8080
accept-encoding: gzip, deflate, br
connection: keep-alive
content-length: 69
cookie: JSESSIONID=6D05FF9A6060DB3BEFE2607735F25EC6


Security filter chain: [
  DisableEncodeUrlFilter
  WebAsyncManagerIntegrationFilter
  SecurityContextHolderFilter
  HeaderWriterFilter
  LogoutFilter
  JwtTokenFilter
  RequestCacheAwareFilter
  SecurityContextHolderAwareRequestFilter
  AnonymousAuthenticationFilter
  ExceptionTranslationFilter
  AuthorizationFilter
]


************************************************************


2023-12-31 16:47:44.214 [http-nio-8080-exec-2] INFO  Spring Security Debugger - 

************************************************************

Request received for POST '/api/v1/products':

org.apache.catalina.connector.RequestFacade@5240ee40

servletPath:/api/v1/products
pathInfo:null
headers: 
host: localhost:8080
connection: keep-alive
content-length: 183757
sec-ch-ua: "Not_A Brand";v="8", "Chromium";v="120", "Microsoft Edge";v="120"
accept: */*
content-type: multipart/form-data; boundary=----WebKitFormBoundarytkYEj4WkrWMyKBNC
sec-ch-ua-mobile: ?0
authorization: Bearer eyJhbGciOiJIUzI1NiJ9.eyJ1c2VySWQiOjIsImVtYWlsIjoicHR0MTAyMDAyQGdtYWlsLmNvbSIsInN1YiI6InB0dDEwMjAwMkBnbWFpbC5jb20iLCJleHAiOjE3MDY2MDgwMDJ9.SFuGNJUudFMBeL7rgvC4M1D4RAIsAhNs05n9KfnmmlE
user-agent: Mozilla/5.0 (Windows NT 10.0; Win64; x64) AppleWebKit/537.36 (KHTML, like Gecko) Chrome/120.0.0.0 Safari/537.36 Edg/120.0.0.0
sec-ch-ua-platform: "Windows"
origin: http://localhost:8080
sec-fetch-site: same-origin
sec-fetch-mode: cors
sec-fetch-dest: empty
referer: http://localhost:8080/swagger-ui/index.html
accept-encoding: gzip, deflate, br
accept-language: vi,en;q=0.9,en-GB;q=0.8,en-US;q=0.7
cookie: G_ENABLED_IDPS=google; _ga=GA1.1.1938431758.1687269713; _ga_8WG1E0VK2L=GS1.1.1689064455.77.0.1689064455.0.0.0; JSESSIONID=95CC573FF09FB98464C57BC85D35DAAE


Security filter chain: [
  DisableEncodeUrlFilter
  WebAsyncManagerIntegrationFilter
  SecurityContextHolderFilter
  HeaderWriterFilter
  LogoutFilter
  JwtTokenFilter
  RequestCacheAwareFilter
  SecurityContextHolderAwareRequestFilter
  AnonymousAuthenticationFilter
  ExceptionTranslationFilter
  AuthorizationFilter
]


************************************************************


2023-12-31 16:48:21.957 [http-nio-8080-exec-4] INFO  Spring Security Debugger - 

************************************************************

Request received for GET '/api/v1/products/1':

org.apache.catalina.connector.RequestFacade@3a0bab93

servletPath:/api/v1/products/1
pathInfo:null
headers: 
host: localhost:8080
connection: keep-alive
sec-ch-ua: "Not_A Brand";v="8", "Chromium";v="120", "Microsoft Edge";v="120"
accept: */*
sec-ch-ua-mobile: ?0
authorization: Bearer eyJhbGciOiJIUzI1NiJ9.eyJ1c2VySWQiOjIsImVtYWlsIjoicHR0MTAyMDAyQGdtYWlsLmNvbSIsInN1YiI6InB0dDEwMjAwMkBnbWFpbC5jb20iLCJleHAiOjE3MDY2MDgwMDJ9.SFuGNJUudFMBeL7rgvC4M1D4RAIsAhNs05n9KfnmmlE
user-agent: Mozilla/5.0 (Windows NT 10.0; Win64; x64) AppleWebKit/537.36 (KHTML, like Gecko) Chrome/120.0.0.0 Safari/537.36 Edg/120.0.0.0
sec-ch-ua-platform: "Windows"
sec-fetch-site: same-origin
sec-fetch-mode: cors
sec-fetch-dest: empty
referer: http://localhost:8080/swagger-ui/index.html
accept-encoding: gzip, deflate, br
accept-language: vi,en;q=0.9,en-GB;q=0.8,en-US;q=0.7
cookie: G_ENABLED_IDPS=google; _ga=GA1.1.1938431758.1687269713; _ga_8WG1E0VK2L=GS1.1.1689064455.77.0.1689064455.0.0.0; JSESSIONID=95CC573FF09FB98464C57BC85D35DAAE


Security filter chain: [
  DisableEncodeUrlFilter
  WebAsyncManagerIntegrationFilter
  SecurityContextHolderFilter
  HeaderWriterFilter
  LogoutFilter
  JwtTokenFilter
  RequestCacheAwareFilter
  SecurityContextHolderAwareRequestFilter
  AnonymousAuthenticationFilter
  ExceptionTranslationFilter
  AuthorizationFilter
]


************************************************************


2023-12-31 16:48:54.081 [http-nio-8080-exec-5] INFO  Spring Security Debugger - 

************************************************************

Request received for GET '/api/v1/products/6':

org.apache.catalina.connector.RequestFacade@4af5d2f

servletPath:/api/v1/products/6
pathInfo:null
headers: 
host: localhost:8080
connection: keep-alive
sec-ch-ua: "Not_A Brand";v="8", "Chromium";v="120", "Microsoft Edge";v="120"
accept: */*
sec-ch-ua-mobile: ?0
authorization: Bearer eyJhbGciOiJIUzI1NiJ9.eyJ1c2VySWQiOjIsImVtYWlsIjoicHR0MTAyMDAyQGdtYWlsLmNvbSIsInN1YiI6InB0dDEwMjAwMkBnbWFpbC5jb20iLCJleHAiOjE3MDY2MDgwMDJ9.SFuGNJUudFMBeL7rgvC4M1D4RAIsAhNs05n9KfnmmlE
user-agent: Mozilla/5.0 (Windows NT 10.0; Win64; x64) AppleWebKit/537.36 (KHTML, like Gecko) Chrome/120.0.0.0 Safari/537.36 Edg/120.0.0.0
sec-ch-ua-platform: "Windows"
sec-fetch-site: same-origin
sec-fetch-mode: cors
sec-fetch-dest: empty
referer: http://localhost:8080/swagger-ui/index.html
accept-encoding: gzip, deflate, br
accept-language: vi,en;q=0.9,en-GB;q=0.8,en-US;q=0.7
cookie: G_ENABLED_IDPS=google; _ga=GA1.1.1938431758.1687269713; _ga_8WG1E0VK2L=GS1.1.1689064455.77.0.1689064455.0.0.0; JSESSIONID=95CC573FF09FB98464C57BC85D35DAAE


Security filter chain: [
  DisableEncodeUrlFilter
  WebAsyncManagerIntegrationFilter
  SecurityContextHolderFilter
  HeaderWriterFilter
  LogoutFilter
  JwtTokenFilter
  RequestCacheAwareFilter
  SecurityContextHolderAwareRequestFilter
  AnonymousAuthenticationFilter
  ExceptionTranslationFilter
  AuthorizationFilter
]


************************************************************


2023-12-31 16:49:11.140 [http-nio-8080-exec-10] INFO  Spring Security Debugger - 

************************************************************

Request received for GET '/api/v1/products?category_id=0&page=0&limit=10':

org.apache.catalina.connector.RequestFacade@60a4a837

servletPath:/api/v1/products
pathInfo:null
headers: 
host: localhost:8080
connection: keep-alive
sec-ch-ua: "Not_A Brand";v="8", "Chromium";v="120", "Microsoft Edge";v="120"
accept: */*
sec-ch-ua-mobile: ?0
authorization: Bearer eyJhbGciOiJIUzI1NiJ9.eyJ1c2VySWQiOjIsImVtYWlsIjoicHR0MTAyMDAyQGdtYWlsLmNvbSIsInN1YiI6InB0dDEwMjAwMkBnbWFpbC5jb20iLCJleHAiOjE3MDY2MDgwMDJ9.SFuGNJUudFMBeL7rgvC4M1D4RAIsAhNs05n9KfnmmlE
user-agent: Mozilla/5.0 (Windows NT 10.0; Win64; x64) AppleWebKit/537.36 (KHTML, like Gecko) Chrome/120.0.0.0 Safari/537.36 Edg/120.0.0.0
sec-ch-ua-platform: "Windows"
sec-fetch-site: same-origin
sec-fetch-mode: cors
sec-fetch-dest: empty
referer: http://localhost:8080/swagger-ui/index.html
accept-encoding: gzip, deflate, br
accept-language: vi,en;q=0.9,en-GB;q=0.8,en-US;q=0.7
cookie: G_ENABLED_IDPS=google; _ga=GA1.1.1938431758.1687269713; _ga_8WG1E0VK2L=GS1.1.1689064455.77.0.1689064455.0.0.0; JSESSIONID=95CC573FF09FB98464C57BC85D35DAAE


Security filter chain: [
  DisableEncodeUrlFilter
  WebAsyncManagerIntegrationFilter
  SecurityContextHolderFilter
  HeaderWriterFilter
  LogoutFilter
  JwtTokenFilter
  RequestCacheAwareFilter
  SecurityContextHolderAwareRequestFilter
  AnonymousAuthenticationFilter
  ExceptionTranslationFilter
  AuthorizationFilter
]


************************************************************


2023-12-31 16:49:11.176 [http-nio-8080-exec-10] INFO  c.h.h.controllers.ProductController - keyword = , category_id = 0, page = 0, limit = 10
2023-12-31 16:49:49.383 [http-nio-8080-exec-8] INFO  Spring Security Debugger - 

************************************************************

Request received for GET '/api/v1/products/images/f3a243ea-2da4-4c43-ad6f-7a72dd609500_d5da60aa90bb42e51baa.jpg':

org.apache.catalina.connector.RequestFacade@66de3e34

servletPath:/api/v1/products/images/f3a243ea-2da4-4c43-ad6f-7a72dd609500_d5da60aa90bb42e51baa.jpg
pathInfo:null
headers: 
host: localhost:8080
connection: keep-alive
sec-ch-ua: "Not_A Brand";v="8", "Chromium";v="120", "Microsoft Edge";v="120"
accept: */*
sec-ch-ua-mobile: ?0
authorization: Bearer eyJhbGciOiJIUzI1NiJ9.eyJ1c2VySWQiOjIsImVtYWlsIjoicHR0MTAyMDAyQGdtYWlsLmNvbSIsInN1YiI6InB0dDEwMjAwMkBnbWFpbC5jb20iLCJleHAiOjE3MDY2MDgwMDJ9.SFuGNJUudFMBeL7rgvC4M1D4RAIsAhNs05n9KfnmmlE
user-agent: Mozilla/5.0 (Windows NT 10.0; Win64; x64) AppleWebKit/537.36 (KHTML, like Gecko) Chrome/120.0.0.0 Safari/537.36 Edg/120.0.0.0
sec-ch-ua-platform: "Windows"
sec-fetch-site: same-origin
sec-fetch-mode: cors
sec-fetch-dest: empty
referer: http://localhost:8080/swagger-ui/index.html
accept-encoding: gzip, deflate, br
accept-language: vi,en;q=0.9,en-GB;q=0.8,en-US;q=0.7
cookie: G_ENABLED_IDPS=google; _ga=GA1.1.1938431758.1687269713; _ga_8WG1E0VK2L=GS1.1.1689064455.77.0.1689064455.0.0.0; JSESSIONID=95CC573FF09FB98464C57BC85D35DAAE


Security filter chain: [
  DisableEncodeUrlFilter
  WebAsyncManagerIntegrationFilter
  SecurityContextHolderFilter
  HeaderWriterFilter
  LogoutFilter
  JwtTokenFilter
  RequestCacheAwareFilter
  SecurityContextHolderAwareRequestFilter
  AnonymousAuthenticationFilter
  ExceptionTranslationFilter
  AuthorizationFilter
]


************************************************************


2023-12-31 16:49:59.018 [SpringApplicationShutdownHook] INFO  o.s.o.j.LocalContainerEntityManagerFactoryBean - Closing JPA EntityManagerFactory for persistence unit 'default'
2023-12-31 16:49:59.057 [SpringApplicationShutdownHook] INFO  com.zaxxer.hikari.HikariDataSource - HikariPool-1 - Shutdown initiated...
2023-12-31 16:49:59.090 [SpringApplicationShutdownHook] INFO  com.zaxxer.hikari.HikariDataSource - HikariPool-1 - Shutdown completed.
2023-12-31 21:26:01.049 [background-preinit] INFO  o.h.validator.internal.util.Version - HV000001: Hibernate Validator 8.0.1.Final
2023-12-31 21:26:01.132 [main] INFO  c.h.h.HighteequeenBackendApplication - Starting HighteequeenBackendApplication using Java 19.0.2 with PID 5164 (D:\Nam4_HK1\Web\DoAn\highteequeen\Backend\target\classes started by Hi in D:\Nam4_HK1\Web\DoAn\highteequeen\Backend)
2023-12-31 21:26:01.135 [main] INFO  c.h.h.HighteequeenBackendApplication - No active profile set, falling back to 1 default profile: "default"
2023-12-31 21:26:04.645 [main] INFO  o.s.d.r.c.RepositoryConfigurationDelegate - Bootstrapping Spring Data JPA repositories in DEFAULT mode.
2023-12-31 21:26:04.950 [main] INFO  o.s.d.r.c.RepositoryConfigurationDelegate - Finished Spring Data repository scanning in 266 ms. Found 11 JPA repository interfaces.
2023-12-31 21:26:06.647 [main] INFO  o.s.b.w.e.tomcat.TomcatWebServer - Tomcat initialized with port(s): 8080 (http)
2023-12-31 21:26:06.664 [main] INFO  o.a.coyote.http11.Http11NioProtocol - Initializing ProtocolHandler ["http-nio-8080"]
2023-12-31 21:26:06.668 [main] INFO  o.a.catalina.core.StandardService - Starting service [Tomcat]
2023-12-31 21:26:06.668 [main] INFO  o.a.catalina.core.StandardEngine - Starting Servlet engine: [Apache Tomcat/10.1.11]
2023-12-31 21:26:06.830 [main] INFO  o.a.c.c.C.[Tomcat].[localhost].[/] - Initializing Spring embedded WebApplicationContext
2023-12-31 21:26:06.831 [main] INFO  o.s.b.w.s.c.ServletWebServerApplicationContext - Root WebApplicationContext: initialization completed in 5589 ms
2023-12-31 21:26:07.072 [main] INFO  o.h.jpa.internal.util.LogHelper - HHH000204: Processing PersistenceUnitInfo [name: default]
2023-12-31 21:26:07.179 [main] INFO  org.hibernate.Version - HHH000412: Hibernate ORM core version 6.2.6.Final
2023-12-31 21:26:07.187 [main] INFO  org.hibernate.cfg.Environment - HHH000406: Using bytecode reflection optimizer
2023-12-31 21:26:07.452 [main] INFO  o.h.b.i.BytecodeProviderInitiator - HHH000021: Bytecode provider name : bytebuddy
2023-12-31 21:26:07.684 [main] INFO  o.s.o.j.p.SpringPersistenceUnitInfo - No LoadTimeWeaver setup: ignoring JPA class transformer
2023-12-31 21:26:07.717 [main] INFO  com.zaxxer.hikari.HikariDataSource - HikariPool-1 - Starting...
2023-12-31 21:26:08.206 [main] INFO  com.zaxxer.hikari.pool.HikariPool - HikariPool-1 - Added connection com.mysql.cj.jdbc.ConnectionImpl@2a9e754e
2023-12-31 21:26:08.214 [main] INFO  com.zaxxer.hikari.HikariDataSource - HikariPool-1 - Start completed.
2023-12-31 21:26:08.522 [main] WARN  org.hibernate.orm.deprecation - HHH90000026: MySQL8Dialect has been deprecated; use org.hibernate.dialect.MySQLDialect instead
2023-12-31 21:26:09.127 [main] INFO  o.h.b.i.BytecodeProviderInitiator - HHH000021: Bytecode provider name : bytebuddy
2023-12-31 21:26:11.898 [main] INFO  o.h.e.t.j.p.i.JtaPlatformInitiator - HHH000490: Using JtaPlatform implementation: [org.hibernate.engine.transaction.jta.platform.internal.NoJtaPlatform]
2023-12-31 21:26:16.028 [main] INFO  o.s.o.j.LocalContainerEntityManagerFactoryBean - Initialized JPA EntityManagerFactory for persistence unit 'default'
2023-12-31 21:26:17.357 [main] WARN  o.s.b.a.o.j.JpaBaseConfiguration$JpaWebConfiguration - spring.jpa.open-in-view is enabled by default. Therefore, database queries may be performed during view rendering. Explicitly configure spring.jpa.open-in-view to disable this warning
2023-12-31 21:26:17.743 [main] INFO  o.s.d.j.r.query.QueryEnhancerFactory - Hibernate is in classpath; If applicable, HQL parser will be used.
2023-12-31 21:26:19.977 [main] INFO  o.s.s.web.DefaultSecurityFilterChain - Will secure any request with [org.springframework.security.web.session.DisableEncodeUrlFilter@1e2a39b7, org.springframework.security.web.context.request.async.WebAsyncManagerIntegrationFilter@6685d5e4, org.springframework.security.web.context.SecurityContextHolderFilter@156b3428, org.springframework.security.web.header.HeaderWriterFilter@1a5d08c5, org.springframework.security.web.authentication.logout.LogoutFilter@4da584e, com.highteequeen.highteequeen_backend.filters.JwtTokenFilter@4e23ddf0, org.springframework.security.web.savedrequest.RequestCacheAwareFilter@475534d1, org.springframework.security.web.servletapi.SecurityContextHolderAwareRequestFilter@52e67513, org.springframework.security.web.authentication.AnonymousAuthenticationFilter@35595f1, org.springframework.security.web.access.ExceptionTranslationFilter@6c303cdc, org.springframework.security.web.access.intercept.AuthorizationFilter@6e12d8be]
2023-12-31 21:26:19.989 [main] WARN  o.s.s.c.a.web.builders.WebSecurity - 

********************************************************************
**********        Security debugging is enabled.       *************
**********    This may include sensitive information.  *************
**********      Do not use in a production system!     *************
********************************************************************


2023-12-31 21:26:21.046 [main] INFO  o.a.coyote.http11.Http11NioProtocol - Starting ProtocolHandler ["http-nio-8080"]
2023-12-31 21:26:21.110 [main] INFO  o.s.b.w.e.tomcat.TomcatWebServer - Tomcat started on port(s): 8080 (http) with context path ''
2023-12-31 21:26:21.139 [main] INFO  c.h.h.HighteequeenBackendApplication - Started HighteequeenBackendApplication in 20.836 seconds (process running for 22.572)
2023-12-31 21:26:30.150 [SpringApplicationShutdownHook] INFO  o.s.o.j.LocalContainerEntityManagerFactoryBean - Closing JPA EntityManagerFactory for persistence unit 'default'
2023-12-31 21:26:30.159 [SpringApplicationShutdownHook] INFO  com.zaxxer.hikari.HikariDataSource - HikariPool-1 - Shutdown initiated...
2023-12-31 21:26:30.186 [SpringApplicationShutdownHook] INFO  com.zaxxer.hikari.HikariDataSource - HikariPool-1 - Shutdown completed.
