2023-12-31 15:35:41.717 [background-preinit] INFO  o.h.validator.internal.util.Version - HV000001: Hibernate Validator 8.0.1.Final
2023-12-31 15:35:42.543 [main] INFO  c.h.h.HighteequeenBackendApplication - Starting HighteequeenBackendApplication using Java 19.0.2 with PID 32484 (E:\Nam 4\Web\highteequeen\Backend\target\classes started by win in E:\Nam 4\Web\highteequeen\Backend)
2023-12-31 15:35:42.559 [main] INFO  c.h.h.HighteequeenBackendApplication - No active profile set, falling back to 1 default profile: "default"
2023-12-31 15:35:48.419 [main] INFO  o.s.d.r.c.RepositoryConfigurationDelegate - Bootstrapping Spring Data JPA repositories in DEFAULT mode.
2023-12-31 15:35:48.660 [main] INFO  o.s.d.r.c.RepositoryConfigurationDelegate - Finished Spring Data repository scanning in 219 ms. Found 11 JPA repository interfaces.
2023-12-31 15:35:51.380 [main] INFO  o.s.b.w.e.tomcat.TomcatWebServer - Tomcat initialized with port(s): 8080 (http)
2023-12-31 15:35:51.443 [main] INFO  o.a.coyote.http11.Http11NioProtocol - Initializing ProtocolHandler ["http-nio-8080"]
2023-12-31 15:35:51.454 [main] INFO  o.a.catalina.core.StandardService - Starting service [Tomcat]
2023-12-31 15:35:51.454 [main] INFO  o.a.catalina.core.StandardEngine - Starting Servlet engine: [Apache Tomcat/10.1.11]
2023-12-31 15:35:51.881 [main] INFO  o.a.c.c.C.[Tomcat].[localhost].[/] - Initializing Spring embedded WebApplicationContext
2023-12-31 15:35:51.885 [main] INFO  o.s.b.w.s.c.ServletWebServerApplicationContext - Root WebApplicationContext: initialization completed in 8990 ms
2023-12-31 15:35:52.349 [main] INFO  o.h.jpa.internal.util.LogHelper - HHH000204: Processing PersistenceUnitInfo [name: default]
2023-12-31 15:35:52.575 [main] INFO  org.hibernate.Version - HHH000412: Hibernate ORM core version 6.2.6.Final
2023-12-31 15:35:52.580 [main] INFO  org.hibernate.cfg.Environment - HHH000406: Using bytecode reflection optimizer
2023-12-31 15:35:52.986 [main] INFO  o.h.b.i.BytecodeProviderInitiator - HHH000021: Bytecode provider name : bytebuddy
2023-12-31 15:35:53.413 [main] INFO  o.s.o.j.p.SpringPersistenceUnitInfo - No LoadTimeWeaver setup: ignoring JPA class transformer
2023-12-31 15:35:53.445 [main] INFO  com.zaxxer.hikari.HikariDataSource - HikariPool-1 - Starting...
2023-12-31 15:35:54.050 [main] INFO  com.zaxxer.hikari.pool.HikariPool - HikariPool-1 - Added connection com.mysql.cj.jdbc.ConnectionImpl@56cd5d76
2023-12-31 15:35:54.056 [main] INFO  com.zaxxer.hikari.HikariDataSource - HikariPool-1 - Start completed.
2023-12-31 15:35:54.475 [main] WARN  org.hibernate.orm.deprecation - HHH90000026: MySQL8Dialect has been deprecated; use org.hibernate.dialect.MySQLDialect instead
2023-12-31 15:35:58.060 [main] INFO  o.h.b.i.BytecodeProviderInitiator - HHH000021: Bytecode provider name : bytebuddy
2023-12-31 15:36:02.966 [main] INFO  o.h.e.t.j.p.i.JtaPlatformInitiator - HHH000490: Using JtaPlatform implementation: [org.hibernate.engine.transaction.jta.platform.internal.NoJtaPlatform]
2023-12-31 15:36:04.304 [main] INFO  o.s.o.j.LocalContainerEntityManagerFactoryBean - Initialized JPA EntityManagerFactory for persistence unit 'default'
2023-12-31 15:36:06.022 [main] WARN  o.s.b.a.o.j.JpaBaseConfiguration$JpaWebConfiguration - spring.jpa.open-in-view is enabled by default. Therefore, database queries may be performed during view rendering. Explicitly configure spring.jpa.open-in-view to disable this warning
2023-12-31 15:36:06.557 [main] INFO  o.s.d.j.r.query.QueryEnhancerFactory - Hibernate is in classpath; If applicable, HQL parser will be used.
2023-12-31 15:36:10.114 [main] INFO  o.s.s.web.DefaultSecurityFilterChain - Will secure any request with [org.springframework.security.web.session.DisableEncodeUrlFilter@7d97eeb4, org.springframework.security.web.context.request.async.WebAsyncManagerIntegrationFilter@2728e166, org.springframework.security.web.context.SecurityContextHolderFilter@409f9dca, org.springframework.security.web.header.HeaderWriterFilter@594c830f, org.springframework.security.web.authentication.logout.LogoutFilter@5c15d1bc, com.highteequeen.highteequeen_backend.filters.JwtTokenFilter@659565ed, org.springframework.security.web.savedrequest.RequestCacheAwareFilter@2682fe42, org.springframework.security.web.servletapi.SecurityContextHolderAwareRequestFilter@27f73e68, org.springframework.security.web.authentication.AnonymousAuthenticationFilter@1d81dece, org.springframework.security.web.access.ExceptionTranslationFilter@31d5ce58, org.springframework.security.web.access.intercept.AuthorizationFilter@10095d95]
2023-12-31 15:36:10.130 [main] WARN  o.s.s.c.a.web.builders.WebSecurity - 

********************************************************************
**********        Security debugging is enabled.       *************
**********    This may include sensitive information.  *************
**********      Do not use in a production system!     *************
********************************************************************


2023-12-31 15:36:11.606 [main] INFO  o.a.coyote.http11.Http11NioProtocol - Starting ProtocolHandler ["http-nio-8080"]
2023-12-31 15:36:12.259 [main] INFO  o.s.b.w.e.tomcat.TomcatWebServer - Tomcat started on port(s): 8080 (http) with context path ''
2023-12-31 15:36:12.276 [main] INFO  c.h.h.HighteequeenBackendApplication - Started HighteequeenBackendApplication in 33.031 seconds (process running for 38.192)
2023-12-31 15:37:05.663 [http-nio-8080-exec-3] INFO  o.a.c.c.C.[Tomcat].[localhost].[/] - Initializing Spring DispatcherServlet 'dispatcherServlet'
2023-12-31 15:37:05.664 [http-nio-8080-exec-3] INFO  o.s.web.servlet.DispatcherServlet - Initializing Servlet 'dispatcherServlet'
2023-12-31 15:37:05.664 [http-nio-8080-exec-3] INFO  o.s.web.servlet.DispatcherServlet - Completed initialization in 0 ms
2023-12-31 15:37:05.664 [http-nio-8080-exec-3] INFO  Spring Security Debugger - 

************************************************************

Request received for POST '/api/v1/products':

org.apache.catalina.connector.RequestFacade@511a1d7a

servletPath:/api/v1/products
pathInfo:null
headers: 
host: localhost:8080
connection: keep-alive
content-length: 198908
sec-ch-ua: "Not_A Brand";v="8", "Chromium";v="120", "Microsoft Edge";v="120"
accept: */*
content-type: multipart/form-data; boundary=----WebKitFormBoundaryBCMhRRPjyZJJImjz
sec-ch-ua-mobile: ?0
authorization: Bearer eyJhbGciOiJIUzI1NiJ9.eyJ1c2VySWQiOjIsImVtYWlsIjoicHR0MTAyMDAyQGdtYWlsLmNvbSIsInN1YiI6InB0dDEwMjAwMkBnbWFpbC5jb20iLCJleHAiOjE3MDY1OTg1MzV9.EvVc7p5vOgBDhk1DuUNiYPZ7LjAqOMeJUmZZfwK1Gtw
user-agent: Mozilla/5.0 (Windows NT 10.0; Win64; x64) AppleWebKit/537.36 (KHTML, like Gecko) Chrome/120.0.0.0 Safari/537.36 Edg/120.0.0.0
sec-ch-ua-platform: "Windows"
origin: http://localhost:8080
sec-fetch-site: same-origin
sec-fetch-mode: cors
sec-fetch-dest: empty
referer: http://localhost:8080/swagger-ui/index.html
accept-encoding: gzip, deflate, br
accept-language: vi,en;q=0.9,en-GB;q=0.8,en-US;q=0.7
cookie: G_ENABLED_IDPS=google; _ga=GA1.1.1938431758.1687269713; _ga_8WG1E0VK2L=GS1.1.1689064455.77.0.1689064455.0.0.0; JSESSIONID=95CC573FF09FB98464C57BC85D35DAAE


Security filter chain: [
  DisableEncodeUrlFilter
  WebAsyncManagerIntegrationFilter
  SecurityContextHolderFilter
  HeaderWriterFilter
  LogoutFilter
  JwtTokenFilter
  RequestCacheAwareFilter
  SecurityContextHolderAwareRequestFilter
  AnonymousAuthenticationFilter
  ExceptionTranslationFilter
  AuthorizationFilter
]


************************************************************


2023-12-31 15:37:13.529 [http-nio-8080-exec-1] INFO  Spring Security Debugger - 

************************************************************

Request received for GET '/swagger-ui/index.html':

org.apache.catalina.connector.RequestFacade@25deb500

servletPath:/swagger-ui/index.html
pathInfo:null
headers: 
host: localhost:8080
connection: keep-alive
cache-control: max-age=0
sec-ch-ua: "Not_A Brand";v="8", "Chromium";v="120", "Microsoft Edge";v="120"
sec-ch-ua-mobile: ?0
sec-ch-ua-platform: "Windows"
upgrade-insecure-requests: 1
user-agent: Mozilla/5.0 (Windows NT 10.0; Win64; x64) AppleWebKit/537.36 (KHTML, like Gecko) Chrome/120.0.0.0 Safari/537.36 Edg/120.0.0.0
accept: text/html,application/xhtml+xml,application/xml;q=0.9,image/webp,image/apng,*/*;q=0.8,application/signed-exchange;v=b3;q=0.7
sec-fetch-site: same-origin
sec-fetch-mode: navigate
sec-fetch-user: ?1
sec-fetch-dest: document
accept-encoding: gzip, deflate, br
accept-language: vi,en;q=0.9,en-GB;q=0.8,en-US;q=0.7
cookie: G_ENABLED_IDPS=google; _ga=GA1.1.1938431758.1687269713; _ga_8WG1E0VK2L=GS1.1.1689064455.77.0.1689064455.0.0.0; JSESSIONID=95CC573FF09FB98464C57BC85D35DAAE


Security filter chain: [
  DisableEncodeUrlFilter
  WebAsyncManagerIntegrationFilter
  SecurityContextHolderFilter
  HeaderWriterFilter
  LogoutFilter
  JwtTokenFilter
  RequestCacheAwareFilter
  SecurityContextHolderAwareRequestFilter
  AnonymousAuthenticationFilter
  ExceptionTranslationFilter
  AuthorizationFilter
]


************************************************************


2023-12-31 15:37:13.845 [http-nio-8080-exec-2] INFO  Spring Security Debugger - 

************************************************************

Request received for GET '/swagger-ui/swagger-ui.css':

org.apache.catalina.connector.RequestFacade@6e4fe922

servletPath:/swagger-ui/swagger-ui.css
pathInfo:null
headers: 
host: localhost:8080
connection: keep-alive
sec-ch-ua: "Not_A Brand";v="8", "Chromium";v="120", "Microsoft Edge";v="120"
sec-ch-ua-mobile: ?0
user-agent: Mozilla/5.0 (Windows NT 10.0; Win64; x64) AppleWebKit/537.36 (KHTML, like Gecko) Chrome/120.0.0.0 Safari/537.36 Edg/120.0.0.0
sec-ch-ua-platform: "Windows"
accept: text/css,*/*;q=0.1
sec-fetch-site: same-origin
sec-fetch-mode: no-cors
sec-fetch-dest: style
referer: http://localhost:8080/swagger-ui/index.html
accept-encoding: gzip, deflate, br
accept-language: vi,en;q=0.9,en-GB;q=0.8,en-US;q=0.7
cookie: G_ENABLED_IDPS=google; _ga=GA1.1.1938431758.1687269713; _ga_8WG1E0VK2L=GS1.1.1689064455.77.0.1689064455.0.0.0; JSESSIONID=95CC573FF09FB98464C57BC85D35DAAE


Security filter chain: [
  DisableEncodeUrlFilter
  WebAsyncManagerIntegrationFilter
  SecurityContextHolderFilter
  HeaderWriterFilter
  LogoutFilter
  JwtTokenFilter
  RequestCacheAwareFilter
  SecurityContextHolderAwareRequestFilter
  AnonymousAuthenticationFilter
  ExceptionTranslationFilter
  AuthorizationFilter
]


************************************************************


2023-12-31 15:37:13.860 [http-nio-8080-exec-4] INFO  Spring Security Debugger - 

************************************************************

Request received for GET '/swagger-ui/index.css':

org.apache.catalina.connector.RequestFacade@7bdf05f2

servletPath:/swagger-ui/index.css
pathInfo:null
headers: 
host: localhost:8080
connection: keep-alive
sec-ch-ua: "Not_A Brand";v="8", "Chromium";v="120", "Microsoft Edge";v="120"
sec-ch-ua-mobile: ?0
user-agent: Mozilla/5.0 (Windows NT 10.0; Win64; x64) AppleWebKit/537.36 (KHTML, like Gecko) Chrome/120.0.0.0 Safari/537.36 Edg/120.0.0.0
sec-ch-ua-platform: "Windows"
accept: text/css,*/*;q=0.1
sec-fetch-site: same-origin
sec-fetch-mode: no-cors
sec-fetch-dest: style
referer: http://localhost:8080/swagger-ui/index.html
accept-encoding: gzip, deflate, br
accept-language: vi,en;q=0.9,en-GB;q=0.8,en-US;q=0.7
cookie: G_ENABLED_IDPS=google; _ga=GA1.1.1938431758.1687269713; _ga_8WG1E0VK2L=GS1.1.1689064455.77.0.1689064455.0.0.0; JSESSIONID=95CC573FF09FB98464C57BC85D35DAAE


Security filter chain: [
  DisableEncodeUrlFilter
  WebAsyncManagerIntegrationFilter
  SecurityContextHolderFilter
  HeaderWriterFilter
  LogoutFilter
  JwtTokenFilter
  RequestCacheAwareFilter
  SecurityContextHolderAwareRequestFilter
  AnonymousAuthenticationFilter
  ExceptionTranslationFilter
  AuthorizationFilter
]


************************************************************


2023-12-31 15:37:13.891 [http-nio-8080-exec-6] INFO  Spring Security Debugger - 

************************************************************

Request received for GET '/swagger-ui/swagger-ui-standalone-preset.js':

org.apache.catalina.connector.RequestFacade@5ce1d940

servletPath:/swagger-ui/swagger-ui-standalone-preset.js
pathInfo:null
headers: 
host: localhost:8080
connection: keep-alive
sec-ch-ua: "Not_A Brand";v="8", "Chromium";v="120", "Microsoft Edge";v="120"
sec-ch-ua-mobile: ?0
user-agent: Mozilla/5.0 (Windows NT 10.0; Win64; x64) AppleWebKit/537.36 (KHTML, like Gecko) Chrome/120.0.0.0 Safari/537.36 Edg/120.0.0.0
sec-ch-ua-platform: "Windows"
accept: */*
sec-fetch-site: same-origin
sec-fetch-mode: no-cors
sec-fetch-dest: script
referer: http://localhost:8080/swagger-ui/index.html
accept-encoding: gzip, deflate, br
accept-language: vi,en;q=0.9,en-GB;q=0.8,en-US;q=0.7
cookie: G_ENABLED_IDPS=google; _ga=GA1.1.1938431758.1687269713; _ga_8WG1E0VK2L=GS1.1.1689064455.77.0.1689064455.0.0.0; JSESSIONID=95CC573FF09FB98464C57BC85D35DAAE


Security filter chain: [
  DisableEncodeUrlFilter
  WebAsyncManagerIntegrationFilter
  SecurityContextHolderFilter
  HeaderWriterFilter
  LogoutFilter
  JwtTokenFilter
  RequestCacheAwareFilter
  SecurityContextHolderAwareRequestFilter
  AnonymousAuthenticationFilter
  ExceptionTranslationFilter
  AuthorizationFilter
]


************************************************************


2023-12-31 15:37:13.891 [http-nio-8080-exec-5] INFO  Spring Security Debugger - 

************************************************************

Request received for GET '/swagger-ui/swagger-ui-bundle.js':

org.apache.catalina.connector.RequestFacade@6cb2e56a

servletPath:/swagger-ui/swagger-ui-bundle.js
pathInfo:null
headers: 
host: localhost:8080
connection: keep-alive
sec-ch-ua: "Not_A Brand";v="8", "Chromium";v="120", "Microsoft Edge";v="120"
sec-ch-ua-mobile: ?0
user-agent: Mozilla/5.0 (Windows NT 10.0; Win64; x64) AppleWebKit/537.36 (KHTML, like Gecko) Chrome/120.0.0.0 Safari/537.36 Edg/120.0.0.0
sec-ch-ua-platform: "Windows"
accept: */*
sec-fetch-site: same-origin
sec-fetch-mode: no-cors
sec-fetch-dest: script
referer: http://localhost:8080/swagger-ui/index.html
accept-encoding: gzip, deflate, br
accept-language: vi,en;q=0.9,en-GB;q=0.8,en-US;q=0.7
cookie: G_ENABLED_IDPS=google; _ga=GA1.1.1938431758.1687269713; _ga_8WG1E0VK2L=GS1.1.1689064455.77.0.1689064455.0.0.0; JSESSIONID=95CC573FF09FB98464C57BC85D35DAAE


Security filter chain: [
  DisableEncodeUrlFilter
  WebAsyncManagerIntegrationFilter
  SecurityContextHolderFilter
  HeaderWriterFilter
  LogoutFilter
  JwtTokenFilter
  RequestCacheAwareFilter
  SecurityContextHolderAwareRequestFilter
  AnonymousAuthenticationFilter
  ExceptionTranslationFilter
  AuthorizationFilter
]


************************************************************


2023-12-31 15:37:13.891 [http-nio-8080-exec-7] INFO  Spring Security Debugger - 

************************************************************

Request received for GET '/swagger-ui/swagger-initializer.js':

org.apache.catalina.connector.RequestFacade@7949abe8

servletPath:/swagger-ui/swagger-initializer.js
pathInfo:null
headers: 
host: localhost:8080
connection: keep-alive
sec-ch-ua: "Not_A Brand";v="8", "Chromium";v="120", "Microsoft Edge";v="120"
sec-ch-ua-mobile: ?0
user-agent: Mozilla/5.0 (Windows NT 10.0; Win64; x64) AppleWebKit/537.36 (KHTML, like Gecko) Chrome/120.0.0.0 Safari/537.36 Edg/120.0.0.0
sec-ch-ua-platform: "Windows"
accept: */*
sec-fetch-site: same-origin
sec-fetch-mode: no-cors
sec-fetch-dest: script
referer: http://localhost:8080/swagger-ui/index.html
accept-encoding: gzip, deflate, br
accept-language: vi,en;q=0.9,en-GB;q=0.8,en-US;q=0.7
cookie: G_ENABLED_IDPS=google; _ga=GA1.1.1938431758.1687269713; _ga_8WG1E0VK2L=GS1.1.1689064455.77.0.1689064455.0.0.0; JSESSIONID=95CC573FF09FB98464C57BC85D35DAAE


Security filter chain: [
  DisableEncodeUrlFilter
  WebAsyncManagerIntegrationFilter
  SecurityContextHolderFilter
  HeaderWriterFilter
  LogoutFilter
  JwtTokenFilter
  RequestCacheAwareFilter
  SecurityContextHolderAwareRequestFilter
  AnonymousAuthenticationFilter
  ExceptionTranslationFilter
  AuthorizationFilter
]


************************************************************


2023-12-31 15:37:17.365 [http-nio-8080-exec-1] INFO  Spring Security Debugger - 

************************************************************

Request received for GET '/api-docs/swagger-config':

org.apache.catalina.connector.RequestFacade@55f34668

servletPath:/api-docs/swagger-config
pathInfo:null
headers: 
host: localhost:8080
connection: keep-alive
sec-ch-ua: "Not_A Brand";v="8", "Chromium";v="120", "Microsoft Edge";v="120"
sec-ch-ua-mobile: ?0
user-agent: Mozilla/5.0 (Windows NT 10.0; Win64; x64) AppleWebKit/537.36 (KHTML, like Gecko) Chrome/120.0.0.0 Safari/537.36 Edg/120.0.0.0
sec-ch-ua-platform: "Windows"
accept: */*
sec-fetch-site: same-origin
sec-fetch-mode: cors
sec-fetch-dest: empty
referer: http://localhost:8080/swagger-ui/index.html
accept-encoding: gzip, deflate, br
accept-language: vi,en;q=0.9,en-GB;q=0.8,en-US;q=0.7
cookie: G_ENABLED_IDPS=google; _ga=GA1.1.1938431758.1687269713; _ga_8WG1E0VK2L=GS1.1.1689064455.77.0.1689064455.0.0.0; JSESSIONID=95CC573FF09FB98464C57BC85D35DAAE


Security filter chain: [
  DisableEncodeUrlFilter
  WebAsyncManagerIntegrationFilter
  SecurityContextHolderFilter
  HeaderWriterFilter
  LogoutFilter
  JwtTokenFilter
  RequestCacheAwareFilter
  SecurityContextHolderAwareRequestFilter
  AnonymousAuthenticationFilter
  ExceptionTranslationFilter
  AuthorizationFilter
]


************************************************************


2023-12-31 15:37:17.417 [http-nio-8080-exec-2] INFO  Spring Security Debugger - 

************************************************************

Request received for GET '/swagger-ui/favicon-32x32.png':

org.apache.catalina.connector.RequestFacade@66c58c02

servletPath:/swagger-ui/favicon-32x32.png
pathInfo:null
headers: 
host: localhost:8080
connection: keep-alive
sec-ch-ua: "Not_A Brand";v="8", "Chromium";v="120", "Microsoft Edge";v="120"
sec-ch-ua-mobile: ?0
user-agent: Mozilla/5.0 (Windows NT 10.0; Win64; x64) AppleWebKit/537.36 (KHTML, like Gecko) Chrome/120.0.0.0 Safari/537.36 Edg/120.0.0.0
sec-ch-ua-platform: "Windows"
accept: image/webp,image/apng,image/svg+xml,image/*,*/*;q=0.8
sec-fetch-site: same-origin
sec-fetch-mode: no-cors
sec-fetch-dest: image
referer: http://localhost:8080/swagger-ui/index.html
accept-encoding: gzip, deflate, br
accept-language: vi,en;q=0.9,en-GB;q=0.8,en-US;q=0.7
cookie: G_ENABLED_IDPS=google; _ga=GA1.1.1938431758.1687269713; _ga_8WG1E0VK2L=GS1.1.1689064455.77.0.1689064455.0.0.0; JSESSIONID=95CC573FF09FB98464C57BC85D35DAAE


Security filter chain: [
  DisableEncodeUrlFilter
  WebAsyncManagerIntegrationFilter
  SecurityContextHolderFilter
  HeaderWriterFilter
  LogoutFilter
  JwtTokenFilter
  RequestCacheAwareFilter
  SecurityContextHolderAwareRequestFilter
  AnonymousAuthenticationFilter
  ExceptionTranslationFilter
  AuthorizationFilter
]


************************************************************


2023-12-31 15:37:17.482 [http-nio-8080-exec-4] INFO  Spring Security Debugger - 

************************************************************

Request received for GET '/api-docs':

org.apache.catalina.connector.RequestFacade@540a118d

servletPath:/api-docs
pathInfo:null
headers: 
host: localhost:8080
connection: keep-alive
sec-ch-ua: "Not_A Brand";v="8", "Chromium";v="120", "Microsoft Edge";v="120"
accept: application/json,*/*
sec-ch-ua-mobile: ?0
user-agent: Mozilla/5.0 (Windows NT 10.0; Win64; x64) AppleWebKit/537.36 (KHTML, like Gecko) Chrome/120.0.0.0 Safari/537.36 Edg/120.0.0.0
sec-ch-ua-platform: "Windows"
sec-fetch-site: same-origin
sec-fetch-mode: cors
sec-fetch-dest: empty
referer: http://localhost:8080/swagger-ui/index.html
accept-encoding: gzip, deflate, br
accept-language: vi,en;q=0.9,en-GB;q=0.8,en-US;q=0.7
cookie: G_ENABLED_IDPS=google; _ga=GA1.1.1938431758.1687269713; _ga_8WG1E0VK2L=GS1.1.1689064455.77.0.1689064455.0.0.0; JSESSIONID=95CC573FF09FB98464C57BC85D35DAAE


Security filter chain: [
  DisableEncodeUrlFilter
  WebAsyncManagerIntegrationFilter
  SecurityContextHolderFilter
  HeaderWriterFilter
  LogoutFilter
  JwtTokenFilter
  RequestCacheAwareFilter
  SecurityContextHolderAwareRequestFilter
  AnonymousAuthenticationFilter
  ExceptionTranslationFilter
  AuthorizationFilter
]


************************************************************


2023-12-31 15:37:17.483 [http-nio-8080-exec-6] INFO  Spring Security Debugger - 

************************************************************

Request received for GET '/swagger-ui/favicon-32x32.png':

org.apache.catalina.connector.RequestFacade@7334d9d8

servletPath:/swagger-ui/favicon-32x32.png
pathInfo:null
headers: 
host: localhost:8080
connection: keep-alive
sec-ch-ua: "Not_A Brand";v="8", "Chromium";v="120", "Microsoft Edge";v="120"
sec-ch-ua-mobile: ?0
user-agent: Mozilla/5.0 (Windows NT 10.0; Win64; x64) AppleWebKit/537.36 (KHTML, like Gecko) Chrome/120.0.0.0 Safari/537.36 Edg/120.0.0.0
sec-ch-ua-platform: "Windows"
accept: image/webp,image/apng,image/svg+xml,image/*,*/*;q=0.8
sec-fetch-site: same-origin
sec-fetch-mode: no-cors
sec-fetch-dest: image
referer: http://localhost:8080/swagger-ui/index.html
accept-encoding: gzip, deflate, br
accept-language: vi,en;q=0.9,en-GB;q=0.8,en-US;q=0.7
cookie: G_ENABLED_IDPS=google; _ga=GA1.1.1938431758.1687269713; _ga_8WG1E0VK2L=GS1.1.1689064455.77.0.1689064455.0.0.0; JSESSIONID=95CC573FF09FB98464C57BC85D35DAAE


Security filter chain: [
  DisableEncodeUrlFilter
  WebAsyncManagerIntegrationFilter
  SecurityContextHolderFilter
  HeaderWriterFilter
  LogoutFilter
  JwtTokenFilter
  RequestCacheAwareFilter
  SecurityContextHolderAwareRequestFilter
  AnonymousAuthenticationFilter
  ExceptionTranslationFilter
  AuthorizationFilter
]


************************************************************


2023-12-31 15:37:19.835 [http-nio-8080-exec-4] INFO  o.s.api.AbstractOpenApiResource - Init duration for springdoc-openapi is: 2344 ms
2023-12-31 15:37:20.569 [http-nio-8080-exec-5] INFO  Spring Security Debugger - 

************************************************************

Request received for POST '/api/v1/users/login':

org.apache.catalina.connector.RequestFacade@4367f3f8

servletPath:/api/v1/users/login
pathInfo:null
headers: 
accept-language: vi
content-type: application/json
user-agent: PostmanRuntime/7.36.0
accept: */*
cache-control: no-cache
postman-token: e4314ae0-4826-49e1-be85-4bedc910445f
host: localhost:8080
accept-encoding: gzip, deflate, br
connection: keep-alive
content-length: 69
cookie: JSESSIONID=6D05FF9A6060DB3BEFE2607735F25EC6


Security filter chain: [
  DisableEncodeUrlFilter
  WebAsyncManagerIntegrationFilter
  SecurityContextHolderFilter
  HeaderWriterFilter
  LogoutFilter
  JwtTokenFilter
  RequestCacheAwareFilter
  SecurityContextHolderAwareRequestFilter
  AnonymousAuthenticationFilter
  ExceptionTranslationFilter
  AuthorizationFilter
]


************************************************************


2023-12-31 15:38:43.273 [http-nio-8080-exec-3] INFO  Spring Security Debugger - 

************************************************************

Request received for POST '/api/v1/products':

org.apache.catalina.connector.RequestFacade@34568a53

servletPath:/api/v1/products
pathInfo:null
headers: 
host: localhost:8080
connection: keep-alive
content-length: 198909
sec-ch-ua: "Not_A Brand";v="8", "Chromium";v="120", "Microsoft Edge";v="120"
accept: */*
content-type: multipart/form-data; boundary=----WebKitFormBoundaryPQ2rGReQnqm9ut9U
sec-ch-ua-mobile: ?0
authorization: Bearer eyJhbGciOiJIUzI1NiJ9.eyJ1c2VySWQiOjIsImVtYWlsIjoicHR0MTAyMDAyQGdtYWlsLmNvbSIsInN1YiI6InB0dDEwMjAwMkBnbWFpbC5jb20iLCJleHAiOjE3MDY2MDM4NDF9.-rV_HoUO67cFtMsdscN9BbJ-JMQXBJuiQb41WO7EUGE
user-agent: Mozilla/5.0 (Windows NT 10.0; Win64; x64) AppleWebKit/537.36 (KHTML, like Gecko) Chrome/120.0.0.0 Safari/537.36 Edg/120.0.0.0
sec-ch-ua-platform: "Windows"
origin: http://localhost:8080
sec-fetch-site: same-origin
sec-fetch-mode: cors
sec-fetch-dest: empty
referer: http://localhost:8080/swagger-ui/index.html
accept-encoding: gzip, deflate, br
accept-language: vi,en;q=0.9,en-GB;q=0.8,en-US;q=0.7
cookie: G_ENABLED_IDPS=google; _ga=GA1.1.1938431758.1687269713; _ga_8WG1E0VK2L=GS1.1.1689064455.77.0.1689064455.0.0.0; JSESSIONID=95CC573FF09FB98464C57BC85D35DAAE


Security filter chain: [
  DisableEncodeUrlFilter
  WebAsyncManagerIntegrationFilter
  SecurityContextHolderFilter
  HeaderWriterFilter
  LogoutFilter
  JwtTokenFilter
  RequestCacheAwareFilter
  SecurityContextHolderAwareRequestFilter
  AnonymousAuthenticationFilter
  ExceptionTranslationFilter
  AuthorizationFilter
]


************************************************************


2023-12-31 15:46:11.789 [SpringApplicationShutdownHook] INFO  o.s.o.j.LocalContainerEntityManagerFactoryBean - Closing JPA EntityManagerFactory for persistence unit 'default'
2023-12-31 15:46:11.820 [SpringApplicationShutdownHook] INFO  com.zaxxer.hikari.HikariDataSource - HikariPool-1 - Shutdown initiated...
2023-12-31 15:46:11.973 [SpringApplicationShutdownHook] INFO  com.zaxxer.hikari.HikariDataSource - HikariPool-1 - Shutdown completed.
